#
# There is insufficient memory for the Java Runtime Environment to continue.
# Native memory allocation (malloc) failed to allocate 472256 bytes for Chunk::new
# Possible reasons:
#   The system is out of physical RAM or swap space
#   The process is running with CompressedOops enabled, and the Java Heap may be blocking the growth of the native heap
# Possible solutions:
#   Reduce memory load on the system
#   Increase physical memory or swap space
#   Check if swap backing store is full
#   Decrease Java heap size (-Xmx/-Xms)
#   Decrease number of Java threads
#   Decrease Java thread stack sizes (-Xss)
#   Set larger code cache with -XX:ReservedCodeCacheSize=
#   JVM is running with Unscaled Compressed Oops mode in which the Java heap is
#     placed in the first 4GB address space. The Java Heap base address is the
#     maximum limit for the native heap growth. Please use -XX:HeapBaseMinAddress
#     to set the Java Heap base and to place the Java Heap above 4GB virtual address.
# This output file may be truncated or incomplete.
#
#  Out of Memory Error (arena.cpp:184), pid=7416, tid=13724
#
# JRE version: Java(TM) SE Runtime Environment (19.0.2+7) (build 19.0.2+7-44)
# Java VM: Java HotSpot(TM) 64-Bit Server VM (19.0.2+7-44, mixed mode, sharing, tiered, compressed oops, compressed class ptrs, g1 gc, windows-amd64)
# No core dump will be written. Minidumps are not enabled by default on client versions of Windows
#

---------------  S U M M A R Y ------------

Command Line: --add-opens=java.base/java.util=ALL-UNNAMED --add-opens=java.base/java.lang=ALL-UNNAMED --add-opens=java.base/java.lang.invoke=ALL-UNNAMED --add-opens=java.prefs/java.util.prefs=ALL-UNNAMED --add-opens=java.base/java.nio.charset=ALL-UNNAMED --add-opens=java.base/java.net=ALL-UNNAMED --add-opens=java.base/java.util.concurrent.atomic=ALL-UNNAMED -Xmx2048m -Dfile.encoding=UTF-8 -Duser.country=IN -Duser.language=en -Duser.variant org.gradle.launcher.daemon.bootstrap.GradleDaemon 8.0

Host: Intel(R) Pentium(R) Silver N5000 CPU @ 1.10GHz, 4 cores, 3G,  Windows 10 , 64 bit Build 19041 (10.0.19041.3031)
Time: Sun Jul 16 21:25:09 2023 India Standard Time elapsed time: 9.881247 seconds (0d 0h 0m 9s)

---------------  T H R E A D  ---------------

Current thread (0x000001bd3903bfd0):  JavaThread "C2 CompilerThread0" daemon [_thread_in_native, id=13724, stack(0x0000005096700000,0x0000005096800000)]


Current CompileTask:
C2:   9881 3929       4       jdk.internal.jimage.ImageLocation::getFullName (109 bytes)

Stack: [0x0000005096700000,0x0000005096800000]
Native frames: (J=compiled Java code, j=interpreted, Vv=VM code, C=native code)
V  [jvm.dll+0x6ee21a]
V  [jvm.dll+0x85765e]
V  [jvm.dll+0x85904e]
V  [jvm.dll+0x859703]
V  [jvm.dll+0x28298f]
V  [jvm.dll+0xc9adf]
V  [jvm.dll+0xc9e65]
V  [jvm.dll+0x2f7caf]
V  [jvm.dll+0x5f076b]
V  [jvm.dll+0x255483]
V  [jvm.dll+0x24df0e]
V  [jvm.dll+0x24b673]
V  [jvm.dll+0x1d6ce1]
V  [jvm.dll+0x25b25a]
V  [jvm.dll+0x2596e8]
V  [jvm.dll+0x807588]
V  [jvm.dll+0x80125a]
V  [jvm.dll+0x6ecf0b]
C  [ucrtbase.dll+0x21bb2]
C  [KERNEL32.DLL+0x17614]
C  [ntdll.dll+0x526f1]


---------------  P R O C E S S  ---------------

Threads class SMR info:
_java_thread_list=0x000001bd40d0e8f0, length=35, elements={
0x000001bd1b02c5f0, 0x000001bd39025970, 0x000001bd39026560, 0x000001bd3902a150,
0x000001bd3902ca90, 0x000001bd3902db60, 0x000001bd39036640, 0x000001bd3903bfd0,
0x000001bd3903e950, 0x000001bd39041320, 0x000001bd39044840, 0x000001bd390442f0,
0x000001bd39042860, 0x000001bd39043300, 0x000001bd39043850, 0x000001bd39042db0,
0x000001bd39043da0, 0x000001bd39041870, 0x000001bd39042310, 0x000001bd39041dc0,
0x000001bd3ece02e0, 0x000001bd3ece5d30, 0x000001bd3ece1820, 0x000001bd3ece22c0,
0x000001bd3ecdf2f0, 0x000001bd3ecdf840, 0x000001bd3ecdfd90, 0x000001bd3ece0d80,
0x000001bd3ece2d60, 0x000001bd3ece12d0, 0x000001bd3ece1d70, 0x000001bd3ece2810,
0x000001bd3ecde300, 0x000001bd3ecde850, 0x000001bd3ece5290
}

Java Threads: ( => current thread )
  0x000001bd1b02c5f0 JavaThread "main" [_thread_blocked, id=14564, stack(0x0000005095a00000,0x0000005095b00000)]
  0x000001bd39025970 JavaThread "Reference Handler" daemon [_thread_blocked, id=1312, stack(0x0000005096100000,0x0000005096200000)]
  0x000001bd39026560 JavaThread "Finalizer" daemon [_thread_blocked, id=10480, stack(0x0000005096200000,0x0000005096300000)]
  0x000001bd3902a150 JavaThread "Signal Dispatcher" daemon [_thread_blocked, id=12668, stack(0x0000005096300000,0x0000005096400000)]
  0x000001bd3902ca90 JavaThread "Attach Listener" daemon [_thread_blocked, id=11844, stack(0x0000005096400000,0x0000005096500000)]
  0x000001bd3902db60 JavaThread "Service Thread" daemon [_thread_blocked, id=11384, stack(0x0000005096500000,0x0000005096600000)]
  0x000001bd39036640 JavaThread "Monitor Deflation Thread" daemon [_thread_blocked, id=5356, stack(0x0000005096600000,0x0000005096700000)]
=>0x000001bd3903bfd0 JavaThread "C2 CompilerThread0" daemon [_thread_in_native, id=13724, stack(0x0000005096700000,0x0000005096800000)]
  0x000001bd3903e950 JavaThread "C1 CompilerThread0" daemon [_thread_blocked, id=3492, stack(0x0000005096800000,0x0000005096900000)]
  0x000001bd39041320 JavaThread "Sweeper thread" daemon [_thread_blocked, id=6292, stack(0x0000005096900000,0x0000005096a00000)]
  0x000001bd39044840 JavaThread "Common-Cleaner" daemon [_thread_blocked, id=9616, stack(0x0000005096a00000,0x0000005096b00000)]
  0x000001bd390442f0 JavaThread "Notification Thread" daemon [_thread_blocked, id=11476, stack(0x0000005096b00000,0x0000005096c00000)]
  0x000001bd39042860 JavaThread "Daemon health stats" [_thread_blocked, id=3916, stack(0x0000005097000000,0x0000005097100000)]
  0x000001bd39043300 JavaThread "Incoming local TCP Connector on port 58930" [_thread_in_native, id=12700, stack(0x0000005097100000,0x0000005097200000)]
  0x000001bd39043850 JavaThread "Daemon periodic checks" [_thread_blocked, id=9180, stack(0x0000005097200000,0x0000005097300000)]
  0x000001bd39042db0 JavaThread "Daemon" [_thread_blocked, id=12632, stack(0x0000005097300000,0x0000005097400000)]
  0x000001bd39043da0 JavaThread "Handler for socket connection from /127.0.0.1:58930 to /127.0.0.1:58931" [_thread_in_native, id=14920, stack(0x0000005097400000,0x0000005097500000)]
  0x000001bd39041870 JavaThread "Cancel handler" [_thread_blocked, id=524, stack(0x0000005097500000,0x0000005097600000)]
  0x000001bd39042310 JavaThread "Daemon worker" [_thread_in_vm, id=12144, stack(0x0000005097600000,0x0000005097700000)]
  0x000001bd39041dc0 JavaThread "Asynchronous log dispatcher for DefaultDaemonConnection: socket connection from /127.0.0.1:58930 to /127.0.0.1:58931" [_thread_blocked, id=14432, stack(0x0000005097700000,0x0000005097800000)]
  0x000001bd3ece02e0 JavaThread "Stdin handler" [_thread_blocked, id=6608, stack(0x0000005097800000,0x0000005097900000)]
  0x000001bd3ece5d30 JavaThread "Daemon client event forwarder" [_thread_in_native, id=15004, stack(0x0000005097900000,0x0000005097a00000)]
  0x000001bd3ece1820 JavaThread "Cache worker for journal cache (C:\Users\Admin\.gradle\caches\journal-1)" [_thread_blocked, id=13064, stack(0x0000005097a00000,0x0000005097b00000)]
  0x000001bd3ece22c0 JavaThread "File lock request listener" [_thread_in_native, id=9856, stack(0x0000005097b00000,0x0000005097c00000)]
  0x000001bd3ecdf2f0 JavaThread "Cache worker for file hash cache (C:\Users\Admin\.gradle\caches\8.0\fileHashes)" [_thread_blocked, id=2340, stack(0x0000005097c00000,0x0000005097d00000)]
  0x000001bd3ecdf840 JavaThread "File watcher server" daemon [_thread_in_native, id=4068, stack(0x0000005097d00000,0x0000005097e00000)]
  0x000001bd3ecdfd90 JavaThread "File watcher consumer" daemon [_thread_blocked, id=13644, stack(0x0000005097e00000,0x0000005097f00000)]
  0x000001bd3ece0d80 JavaThread "Cache worker for checksums cache (C:\Users\Admin\Documents\GitHub\VigyBag\Android\.gradle\8.0\checksums)" [_thread_blocked, id=2388, stack(0x0000005097f00000,0x0000005098000000)]
  0x000001bd3ece2d60 JavaThread "Cache worker for cache directory md-rule (C:\Users\Admin\.gradle\caches\8.0\md-rule)" [_thread_blocked, id=15324, stack(0x0000005098000000,0x0000005098100000)]
  0x000001bd3ece12d0 JavaThread "Cache worker for file content cache (C:\Users\Admin\.gradle\caches\8.0\fileContent)" [_thread_blocked, id=8900, stack(0x0000005098100000,0x0000005098200000)]
  0x000001bd3ece1d70 JavaThread "Cache worker for file hash cache (C:\Users\Admin\Documents\GitHub\VigyBag\Android\.gradle\8.0\fileHashes)" [_thread_blocked, id=8952, stack(0x0000005098200000,0x0000005098300000)]
  0x000001bd3ece2810 JavaThread "Cache worker for cache directory md-supplier (C:\Users\Admin\.gradle\caches\8.0\md-supplier)" [_thread_blocked, id=14960, stack(0x0000005098300000,0x0000005098400000)]
  0x000001bd3ecde300 JavaThread "Cache worker for execution history cache (C:\Users\Admin\.gradle\caches\8.0\executionHistory)" [_thread_blocked, id=3436, stack(0x0000005098400000,0x0000005098500000)]
  0x000001bd3ecde850 JavaThread "jar transforms" [_thread_blocked, id=15868, stack(0x0000005098500000,0x0000005098600000)]
  0x000001bd3ece5290 JavaThread "jar transforms Thread 2" [_thread_blocked, id=6352, stack(0x0000005098600000,0x0000005098700000)]

Other Threads:
  0x000001bd3900e3e0 VMThread "VM Thread" [stack: 0x0000005096000000,0x0000005096100000] [id=4892]
  0x000001bd3d4c7240 WatcherThread "VM Periodic Task Thread" [stack: 0x0000005096c00000,0x0000005096d00000] [id=14076]
  0x000001bd1b08ae90 WorkerThread "GC Thread#0" [stack: 0x0000005095b00000,0x0000005095c00000] [id=12100]
  0x000001bd3d956990 WorkerThread "GC Thread#1" [stack: 0x0000005096d00000,0x0000005096e00000] [id=10440]
  0x000001bd3d942670 WorkerThread "GC Thread#2" [stack: 0x0000005096e00000,0x0000005096f00000] [id=12368]
  0x000001bd3dfc0e70 WorkerThread "GC Thread#3" [stack: 0x0000005096f00000,0x0000005097000000] [id=10952]
  0x000001bd1b09bf90 ConcurrentGCThread "G1 Main Marker" [stack: 0x0000005095c00000,0x0000005095d00000] [id=14100]
  0x000001bd1b09d160 WorkerThread "G1 Conc#0" [stack: 0x0000005095d00000,0x0000005095e00000] [id=13816]
  0x000001bd1b0e4260 ConcurrentGCThread "G1 Refine#0" [stack: 0x0000005095e00000,0x0000005095f00000] [id=7812]
  0x000001bd38ed01f0 ConcurrentGCThread "G1 Service" [stack: 0x0000005095f00000,0x0000005096000000] [id=2748]

Threads with active compile tasks:
C2 CompilerThread0    10009 3929       4       jdk.internal.jimage.ImageLocation::getFullName (109 bytes)

VM state: not at safepoint (normal execution)

VM Mutex/Monitor currently owned by a thread: None

OutOfMemory and StackOverflow Exception counts:
OutOfMemoryError java_heap_errors=1
LinkageErrors=132

Heap address: 0x0000000080000000, size: 2048 MB, Compressed Oops mode: 32-bit

CDS archive(s) mapped at: [0x0000000800000000-0x0000000800c40000-0x0000000800c40000), size 12845056, SharedBaseAddress: 0x0000000800000000, ArchiveRelocationMode: 0.
Compressed class space mapped at: 0x0000000801000000-0x0000000841000000, reserved size: 1073741824
Narrow klass base: 0x0000000800000000, Narrow klass shift: 0, Narrow klass range: 0x100000000

GC Precious Log:
 CardTable entry size: 512
 Card Set container configuration: InlinePtr #cards 5 size 8 Array Of Cards #cards 12 size 40 Howl #buckets 4 coarsen threshold 1843 Howl Bitmap #cards 512 size 80 coarsen threshold 460 Card regions per heap region 1 cards per card region 2048
 CPUs: 4 total, 4 available
 Memory: 3911M
 Large Page Support: Disabled
 NUMA Support: Disabled
 Compressed Oops: Enabled (32-bit)
 Heap Region Size: 1M
 Heap Min Capacity: 8M
 Heap Initial Capacity: 62M
 Heap Max Capacity: 2G
 Pre-touch: Disabled
 Parallel Workers: 4
 Concurrent Workers: 1
 Concurrent Refinement Workers: 4
 Periodic GC: Disabled

Heap:
 garbage-first heap   total 84992K, used 39384K [0x0000000080000000, 0x0000000100000000)
  region size 1024K, 12 young (12288K), 5 survivors (5120K)
 Metaspace       used 34067K, committed 35264K, reserved 1114112K
  class space    used 4728K, committed 5376K, reserved 1048576K

Heap Regions: E=young(eden), S=young(survivor), O=old, HS=humongous(starts), HC=humongous(continues), CS=collection set, F=free, OA=open archive, CA=closed archive, TAMS=top-at-mark-start (previous, next)
|   0|0x0000000080000000, 0x0000000080100000, 0x0000000080100000|100%| O|  |TAMS 0x0000000080100000, 0x0000000080000000| Untracked 
|   1|0x0000000080100000, 0x0000000080200000, 0x0000000080200000|100%| O|  |TAMS 0x0000000080200000, 0x0000000080100000| Untracked 
|   2|0x0000000080200000, 0x0000000080300000, 0x0000000080300000|100%|HS|  |TAMS 0x0000000080300000, 0x0000000080200000| Complete 
|   3|0x0000000080300000, 0x0000000080400000, 0x0000000080400000|100%|HC|  |TAMS 0x0000000080400000, 0x0000000080300000| Complete 
|   4|0x0000000080400000, 0x0000000080500000, 0x0000000080500000|100%|HC|  |TAMS 0x0000000080500000, 0x0000000080400000| Complete 
|   5|0x0000000080500000, 0x0000000080600000, 0x0000000080600000|100%|HC|  |TAMS 0x0000000080600000, 0x0000000080500000| Complete 
|   6|0x0000000080600000, 0x0000000080700000, 0x0000000080700000|100%| O|  |TAMS 0x0000000080700000, 0x0000000080600000| Untracked 
|   7|0x0000000080700000, 0x0000000080800000, 0x0000000080800000|100%| O|  |TAMS 0x0000000080800000, 0x0000000080700000| Untracked 
|   8|0x0000000080800000, 0x0000000080900000, 0x0000000080900000|100%| O|  |TAMS 0x0000000080900000, 0x0000000080800000| Untracked 
|   9|0x0000000080900000, 0x0000000080a00000, 0x0000000080a00000|100%| O|  |TAMS 0x0000000080a00000, 0x0000000080900000| Untracked 
|  10|0x0000000080a00000, 0x0000000080b00000, 0x0000000080b00000|100%| O|  |TAMS 0x0000000080b00000, 0x0000000080a00000| Untracked 
|  11|0x0000000080b00000, 0x0000000080b76000, 0x0000000080c00000| 46%| O|  |TAMS 0x0000000080b00000, 0x0000000080b00000| Untracked 
|  12|0x0000000080c00000, 0x0000000080d00000, 0x0000000080d00000|100%| O|  |TAMS 0x0000000080d00000, 0x0000000080c00000| Untracked 
|  13|0x0000000080d00000, 0x0000000080e00000, 0x0000000080e00000|100%| O|  |TAMS 0x0000000080e00000, 0x0000000080d00000| Untracked 
|  14|0x0000000080e00000, 0x0000000080f00000, 0x0000000080f00000|100%| O|  |TAMS 0x0000000080f00000, 0x0000000080e00000| Untracked 
|  15|0x0000000080f00000, 0x0000000081000000, 0x0000000081000000|100%| O|  |TAMS 0x0000000081000000, 0x0000000080f00000| Untracked 
|  16|0x0000000081000000, 0x0000000081100000, 0x0000000081100000|100%| O|  |TAMS 0x0000000081100000, 0x0000000081000000| Untracked 
|  17|0x0000000081100000, 0x0000000081200000, 0x0000000081200000|100%| O|  |TAMS 0x0000000081200000, 0x0000000081100000| Untracked 
|  18|0x0000000081200000, 0x0000000081300000, 0x0000000081300000|100%| O|  |TAMS 0x0000000081273c00, 0x0000000081200000| Untracked 
|  19|0x0000000081300000, 0x0000000081400000, 0x0000000081400000|100%| O|  |TAMS 0x0000000081300000, 0x0000000081300000| Untracked 
|  20|0x0000000081400000, 0x0000000081500000, 0x0000000081500000|100%| O|  |TAMS 0x0000000081400000, 0x0000000081400000| Untracked 
|  21|0x0000000081500000, 0x0000000081600000, 0x0000000081600000|100%| O|  |TAMS 0x0000000081500000, 0x0000000081500000| Untracked 
|  22|0x0000000081600000, 0x0000000081700000, 0x0000000081700000|100%| O|  |TAMS 0x0000000081600000, 0x0000000081600000| Untracked 
|  23|0x0000000081700000, 0x0000000081800000, 0x0000000081800000|100%| O|  |TAMS 0x0000000081700000, 0x0000000081700000| Untracked 
|  24|0x0000000081800000, 0x0000000081900000, 0x0000000081900000|100%| O|  |TAMS 0x0000000081800000, 0x0000000081800000| Untracked 
|  25|0x0000000081900000, 0x0000000081a00000, 0x0000000081a00000|100%|HS|  |TAMS 0x0000000081900000, 0x0000000081900000| Complete 
|  26|0x0000000081a00000, 0x0000000081b00000, 0x0000000081b00000|100%|HS|  |TAMS 0x0000000081a00000, 0x0000000081a00000| Complete 
|  27|0x0000000081b00000, 0x0000000081c00000, 0x0000000081c00000|100%|HC|  |TAMS 0x0000000081b00000, 0x0000000081b00000| Complete 
|  28|0x0000000081c00000, 0x0000000081c00000, 0x0000000081d00000|  0%| F|  |TAMS 0x0000000081c00000, 0x0000000081c00000| Untracked 
|  29|0x0000000081d00000, 0x0000000081d00000, 0x0000000081e00000|  0%| F|  |TAMS 0x0000000081d00000, 0x0000000081d00000| Untracked 
|  30|0x0000000081e00000, 0x0000000081e00000, 0x0000000081f00000|  0%| F|  |TAMS 0x0000000081e00000, 0x0000000081e00000| Untracked 
|  31|0x0000000081f00000, 0x0000000081f00000, 0x0000000082000000|  0%| F|  |TAMS 0x0000000081f00000, 0x0000000081f00000| Untracked 
|  32|0x0000000082000000, 0x0000000082000000, 0x0000000082100000|  0%| F|  |TAMS 0x0000000082000000, 0x0000000082000000| Untracked 
|  33|0x0000000082100000, 0x0000000082100000, 0x0000000082200000|  0%| F|  |TAMS 0x0000000082100000, 0x0000000082100000| Untracked 
|  34|0x0000000082200000, 0x0000000082200000, 0x0000000082300000|  0%| F|  |TAMS 0x0000000082200000, 0x0000000082200000| Untracked 
|  35|0x0000000082300000, 0x0000000082300000, 0x0000000082400000|  0%| F|  |TAMS 0x0000000082300000, 0x0000000082300000| Untracked 
|  36|0x0000000082400000, 0x0000000082400000, 0x0000000082500000|  0%| F|  |TAMS 0x0000000082400000, 0x0000000082400000| Untracked 
|  37|0x0000000082500000, 0x0000000082500000, 0x0000000082600000|  0%| F|  |TAMS 0x0000000082500000, 0x0000000082500000| Untracked 
|  38|0x0000000082600000, 0x0000000082600000, 0x0000000082700000|  0%| F|  |TAMS 0x0000000082600000, 0x0000000082600000| Untracked 
|  39|0x0000000082700000, 0x0000000082700000, 0x0000000082800000|  0%| F|  |TAMS 0x0000000082700000, 0x0000000082700000| Untracked 
|  40|0x0000000082800000, 0x0000000082800000, 0x0000000082900000|  0%| F|  |TAMS 0x0000000082800000, 0x0000000082800000| Untracked 
|  41|0x0000000082900000, 0x0000000082900000, 0x0000000082a00000|  0%| F|  |TAMS 0x0000000082900000, 0x0000000082900000| Untracked 
|  42|0x0000000082a00000, 0x0000000082b00000, 0x0000000082b00000|100%| S|CS|TAMS 0x0000000082a00000, 0x0000000082a00000| Complete 
|  43|0x0000000082b00000, 0x0000000082c00000, 0x0000000082c00000|100%| S|CS|TAMS 0x0000000082b00000, 0x0000000082b00000| Complete 
|  44|0x0000000082c00000, 0x0000000082d00000, 0x0000000082d00000|100%| S|CS|TAMS 0x0000000082c00000, 0x0000000082c00000| Complete 
|  45|0x0000000082d00000, 0x0000000082e00000, 0x0000000082e00000|100%| S|CS|TAMS 0x0000000082d00000, 0x0000000082d00000| Complete 
|  46|0x0000000082e00000, 0x0000000082f00000, 0x0000000082f00000|100%| S|CS|TAMS 0x0000000082e00000, 0x0000000082e00000| Complete 
|  47|0x0000000082f00000, 0x0000000082f00000, 0x0000000083000000|  0%| F|  |TAMS 0x0000000082f00000, 0x0000000082f00000| Untracked 
|  48|0x0000000083000000, 0x0000000083000000, 0x0000000083100000|  0%| F|  |TAMS 0x0000000083000000, 0x0000000083000000| Untracked 
|  49|0x0000000083100000, 0x0000000083100000, 0x0000000083200000|  0%| F|  |TAMS 0x0000000083100000, 0x0000000083100000| Untracked 
|  50|0x0000000083200000, 0x0000000083200000, 0x0000000083300000|  0%| F|  |TAMS 0x0000000083200000, 0x0000000083200000| Untracked 
|  51|0x0000000083300000, 0x0000000083300000, 0x0000000083400000|  0%| F|  |TAMS 0x0000000083300000, 0x0000000083300000| Untracked 
|  52|0x0000000083400000, 0x0000000083400000, 0x0000000083500000|  0%| F|  |TAMS 0x0000000083400000, 0x0000000083400000| Untracked 
|  53|0x0000000083500000, 0x0000000083500000, 0x0000000083600000|  0%| F|  |TAMS 0x0000000083500000, 0x0000000083500000| Untracked 
|  54|0x0000000083600000, 0x0000000083600000, 0x0000000083700000|  0%| F|  |TAMS 0x0000000083600000, 0x0000000083600000| Untracked 
|  55|0x0000000083700000, 0x0000000083700000, 0x0000000083800000|  0%| F|  |TAMS 0x0000000083700000, 0x0000000083700000| Untracked 
|  56|0x0000000083800000, 0x0000000083800000, 0x0000000083900000|  0%| F|  |TAMS 0x0000000083800000, 0x0000000083800000| Untracked 
|  57|0x0000000083900000, 0x0000000083900000, 0x0000000083a00000|  0%| F|  |TAMS 0x0000000083900000, 0x0000000083900000| Untracked 
|  58|0x0000000083a00000, 0x0000000083a00000, 0x0000000083b00000|  0%| F|  |TAMS 0x0000000083a00000, 0x0000000083a00000| Untracked 
|  59|0x0000000083b00000, 0x0000000083b00000, 0x0000000083c00000|  0%| F|  |TAMS 0x0000000083b00000, 0x0000000083b00000| Untracked 
|  60|0x0000000083c00000, 0x0000000083c00000, 0x0000000083d00000|  0%| F|  |TAMS 0x0000000083c00000, 0x0000000083c00000| Untracked 
|  61|0x0000000083d00000, 0x0000000083d00000, 0x0000000083e00000|  0%| F|  |TAMS 0x0000000083d00000, 0x0000000083d00000| Untracked 
|  62|0x0000000083e00000, 0x0000000083e00000, 0x0000000083f00000|  0%| F|  |TAMS 0x0000000083e00000, 0x0000000083e00000| Untracked 
|  63|0x0000000083f00000, 0x0000000083f00000, 0x0000000084000000|  0%| F|  |TAMS 0x0000000083f00000, 0x0000000083f00000| Untracked 
|  64|0x0000000084000000, 0x0000000084000000, 0x0000000084100000|  0%| F|  |TAMS 0x0000000084000000, 0x0000000084000000| Untracked 
|  65|0x0000000084100000, 0x0000000084100000, 0x0000000084200000|  0%| F|  |TAMS 0x0000000084100000, 0x0000000084100000| Untracked 
|  66|0x0000000084200000, 0x0000000084200000, 0x0000000084300000|  0%| F|  |TAMS 0x0000000084200000, 0x0000000084200000| Untracked 
|  67|0x0000000084300000, 0x0000000084300000, 0x0000000084400000|  0%| F|  |TAMS 0x0000000084300000, 0x0000000084300000| Untracked 
|  68|0x0000000084400000, 0x0000000084400000, 0x0000000084500000|  0%| F|  |TAMS 0x0000000084400000, 0x0000000084400000| Untracked 
|  69|0x0000000084500000, 0x0000000084500000, 0x0000000084600000|  0%| F|  |TAMS 0x0000000084500000, 0x0000000084500000| Untracked 
|  70|0x0000000084600000, 0x0000000084600000, 0x0000000084700000|  0%| F|  |TAMS 0x0000000084600000, 0x0000000084600000| Untracked 
|  71|0x0000000084700000, 0x0000000084700000, 0x0000000084800000|  0%| F|  |TAMS 0x0000000084700000, 0x0000000084700000| Untracked 
|  72|0x0000000084800000, 0x0000000084800000, 0x0000000084900000|  0%| F|  |TAMS 0x0000000084800000, 0x0000000084800000| Untracked 
|  73|0x0000000084900000, 0x0000000084900000, 0x0000000084a00000|  0%| F|  |TAMS 0x0000000084900000, 0x0000000084900000| Untracked 
|  74|0x0000000084a00000, 0x0000000084a00000, 0x0000000084b00000|  0%| F|  |TAMS 0x0000000084a00000, 0x0000000084a00000| Untracked 
|  75|0x0000000084b00000, 0x0000000084b00000, 0x0000000084c00000|  0%| F|  |TAMS 0x0000000084b00000, 0x0000000084b00000| Untracked 
|  76|0x0000000084c00000, 0x0000000084c9ca40, 0x0000000084d00000| 61%| E|  |TAMS 0x0000000084c00000, 0x0000000084c00000| Complete 
|  77|0x0000000084d00000, 0x0000000084e00000, 0x0000000084e00000|100%| E|CS|TAMS 0x0000000084d00000, 0x0000000084d00000| Complete 
|  78|0x0000000084e00000, 0x0000000084f00000, 0x0000000084f00000|100%| E|CS|TAMS 0x0000000084e00000, 0x0000000084e00000| Complete 
|  79|0x0000000084f00000, 0x0000000085000000, 0x0000000085000000|100%| E|CS|TAMS 0x0000000084f00000, 0x0000000084f00000| Complete 
|  80|0x0000000085000000, 0x0000000085100000, 0x0000000085100000|100%| E|CS|TAMS 0x0000000085000000, 0x0000000085000000| Complete 
|  81|0x0000000085100000, 0x0000000085200000, 0x0000000085200000|100%| E|CS|TAMS 0x0000000085100000, 0x0000000085100000| Complete 
|  82|0x0000000085200000, 0x0000000085300000, 0x0000000085300000|100%| E|CS|TAMS 0x0000000085200000, 0x0000000085200000| Complete 

Card table byte_map: [0x000001bd32390000,0x000001bd32790000] _byte_map_base: 0x000001bd31f90000

Marking Bits (Prev, Next): (CMBitMap*) 0x000001bd1b08b500, (CMBitMap*) 0x000001bd1b08b4c0
 Prev Bits: [0x000001bd34b90000, 0x000001bd36b90000)
 Next Bits: [0x000001bd32b90000, 0x000001bd34b90000)

Polling page: 0x000001bd19020000

Metaspace:

Usage:
  Non-class:     28.66 MB used.
      Class:      4.62 MB used.
       Both:     33.28 MB used.

Virtual space:
  Non-class space:       64.00 MB reserved,      29.25 MB ( 46%) committed,  1 nodes.
      Class space:        1.00 GB reserved,       5.25 MB ( <1%) committed,  1 nodes.
             Both:        1.06 GB reserved,      34.50 MB (  3%) committed. 

Chunk freelists:
   Non-Class:  1.89 MB
       Class:  2.60 MB
        Both:  4.49 MB

MaxMetaspaceSize: unlimited
CompressedClassSpaceSize: 1.00 GB
Initial GC threshold: 21.00 MB
Current GC threshold: 35.25 MB
CDS: on
MetaspaceReclaimPolicy: balanced
 - commit_granule_bytes: 65536.
 - commit_granule_words: 8192.
 - virtual_space_node_default_size: 8388608.
 - enlarge_chunks_in_place: 1.
 - new_chunks_are_fully_committed: 0.
 - uncommit_free_chunks: 1.
 - use_allocation_guard: 0.


Internal statistics:

num_allocs_failed_limit: 3.
num_arena_births: 2044.
num_arena_deaths: 0.
num_vsnodes_births: 2.
num_vsnodes_deaths: 0.
num_space_committed: 552.
num_space_uncommitted: 0.
num_chunks_returned_to_freelist: 3.
num_chunks_taken_from_freelist: 3581.
num_chunk_merges: 3.
num_chunk_splits: 2300.
num_chunks_enlarged: 1357.
num_inconsistent_stats: 0.

CodeHeap 'non-profiled nmethods': size=120000Kb used=1773Kb max_used=1773Kb free=118226Kb
 bounds [0x000001bd2aa60000, 0x000001bd2acd0000, 0x000001bd31f90000]
CodeHeap 'profiled nmethods': size=120000Kb used=8251Kb max_used=8251Kb free=111748Kb
 bounds [0x000001bd22f90000, 0x000001bd237a0000, 0x000001bd2a4c0000]
CodeHeap 'non-nmethods': size=5760Kb used=1686Kb max_used=1704Kb free=4073Kb
 bounds [0x000001bd2a4c0000, 0x000001bd2a730000, 0x000001bd2aa60000]
 total_blobs=4740 nmethods=4069 adapters=581
 compilation: enabled
              stopped_count=0, restarted_count=0
 full_count=0

Compilation events (20 events):
Event: 9.859 Thread 0x000001bd3903e950 3974   !   3       com.sun.beans.TypeResolver::resolve (268 bytes)
Event: 9.860 Thread 0x000001bd3903e950 nmethod 3974 0x000001bd23761510 code [0x000001bd23761960, 0x000001bd23763c38]
Event: 9.860 Thread 0x000001bd3903e950 3975       3       groovy.lang.MetaClassImpl::filterPropertyMethod (305 bytes)
Event: 9.862 Thread 0x000001bd3903e950 nmethod 3975 0x000001bd23764410 code [0x000001bd23764740, 0x000001bd23766228]
Event: 9.863 Thread 0x000001bd3903e950 3976       1       org.codehaus.groovy.util.ComplexKeyHashMap$Entry::getValue (5 bytes)
Event: 9.863 Thread 0x000001bd3903e950 nmethod 3976 0x000001bd2ac16f90 code [0x000001bd2ac17120, 0x000001bd2ac171d8]
Event: 9.865 Thread 0x000001bd3903e950 3977       3       java.lang.NoSuchMethodException::<init> (6 bytes)
Event: 9.865 Thread 0x000001bd3903e950 nmethod 3977 0x000001bd23766890 code [0x000001bd23766a40, 0x000001bd23766c28]
Event: 9.867 Thread 0x000001bd3903e950 3978       3       java.util.Spliterators$ArraySpliterator::<init> (40 bytes)
Event: 9.867 Thread 0x000001bd3903e950 nmethod 3978 0x000001bd23766d10 code [0x000001bd23766ec0, 0x000001bd23767098]
Event: 9.868 Thread 0x000001bd3903e950 3979       3       java.util.Spliterators$ArraySpliterator::estimateSize (27 bytes)
Event: 9.868 Thread 0x000001bd3903e950 nmethod 3979 0x000001bd23767190 code [0x000001bd23767340, 0x000001bd237674d8]
Event: 9.869 Thread 0x000001bd3903e950 3980       3       java.util.Spliterators::spliterator (25 bytes)
Event: 9.869 Thread 0x000001bd3903e950 nmethod 3980 0x000001bd23767590 code [0x000001bd23767760, 0x000001bd23767aa8]
Event: 9.869 Thread 0x000001bd3903e950 3981       3       java.util.Spliterators::checkFromToBounds (74 bytes)
Event: 9.870 Thread 0x000001bd3903e950 nmethod 3981 0x000001bd23767c10 code [0x000001bd23767ea0, 0x000001bd23768878]
Event: 9.870 Thread 0x000001bd3903e950 3982       3       java.util.stream.Collectors$$Lambda$23/0x80000003e::accept (12 bytes)
Event: 9.871 Thread 0x000001bd3903e950 nmethod 3982 0x000001bd23768c90 code [0x000001bd23768e40, 0x000001bd23769188]
Event: 9.872 Thread 0x000001bd3903e950 3983       3       java.lang.Class$$Lambda$159/0x0000000801135598::apply (8 bytes)
Event: 9.873 Thread 0x000001bd3903e950 nmethod 3983 0x000001bd23769290 code [0x000001bd23769460, 0x000001bd23769808]

GC Heap History (20 events):
Event: 1.511 GC heap before
{Heap before GC invocations=1 (full 0):
 garbage-first heap   total 63488K, used 22415K [0x0000000080000000, 0x0000000100000000)
  region size 1024K, 17 young (17408K), 2 survivors (2048K)
 Metaspace       used 3889K, committed 4096K, reserved 1114112K
  class space    used 469K, committed 576K, reserved 1048576K
}
Event: 1.520 GC heap after
{Heap after GC invocations=2 (full 0):
 garbage-first heap   total 63488K, used 10527K [0x0000000080000000, 0x0000000100000000)
  region size 1024K, 3 young (3072K), 3 survivors (3072K)
 Metaspace       used 3889K, committed 4096K, reserved 1114112K
  class space    used 469K, committed 576K, reserved 1048576K
}
Event: 1.923 GC heap before
{Heap before GC invocations=2 (full 0):
 garbage-first heap   total 63488K, used 27935K [0x0000000080000000, 0x0000000100000000)
  region size 1024K, 21 young (21504K), 3 survivors (3072K)
 Metaspace       used 3965K, committed 4160K, reserved 1114112K
  class space    used 469K, committed 576K, reserved 1048576K
}
Event: 1.929 GC heap after
{Heap after GC invocations=3 (full 0):
 garbage-first heap   total 63488K, used 11615K [0x0000000080000000, 0x0000000100000000)
  region size 1024K, 1 young (1024K), 1 survivors (1024K)
 Metaspace       used 3965K, committed 4160K, reserved 1114112K
  class space    used 469K, committed 576K, reserved 1048576K
}
Event: 3.822 GC heap before
{Heap before GC invocations=3 (full 0):
 garbage-first heap   total 63488K, used 44383K [0x0000000080000000, 0x0000000100000000)
  region size 1024K, 32 young (32768K), 1 survivors (1024K)
 Metaspace       used 10648K, committed 10944K, reserved 1114112K
  class space    used 1391K, committed 1536K, reserved 1048576K
}
Event: 3.832 GC heap after
{Heap after GC invocations=4 (full 0):
 garbage-first heap   total 63488K, used 18288K [0x0000000080000000, 0x0000000100000000)
  region size 1024K, 4 young (4096K), 4 survivors (4096K)
 Metaspace       used 10648K, committed 10944K, reserved 1114112K
  class space    used 1391K, committed 1536K, reserved 1048576K
}
Event: 4.757 GC heap before
{Heap before GC invocations=4 (full 0):
 garbage-first heap   total 63488K, used 41840K [0x0000000080000000, 0x0000000100000000)
  region size 1024K, 28 young (28672K), 4 survivors (4096K)
 Metaspace       used 15522K, committed 16000K, reserved 1114112K
  class space    used 2123K, committed 2368K, reserved 1048576K
}
Event: 4.764 GC heap after
{Heap after GC invocations=5 (full 0):
 garbage-first heap   total 63488K, used 20608K [0x0000000080000000, 0x0000000100000000)
  region size 1024K, 2 young (2048K), 2 survivors (2048K)
 Metaspace       used 15522K, committed 16000K, reserved 1114112K
  class space    used 2123K, committed 2368K, reserved 1048576K
}
Event: 5.615 GC heap before
{Heap before GC invocations=5 (full 0):
 garbage-first heap   total 63488K, used 44160K [0x0000000080000000, 0x0000000100000000)
  region size 1024K, 25 young (25600K), 2 survivors (2048K)
 Metaspace       used 19193K, committed 19776K, reserved 1114112K
  class space    used 2730K, committed 3008K, reserved 1048576K
}
Event: 5.622 GC heap after
{Heap after GC invocations=6 (full 0):
 garbage-first heap   total 63488K, used 22385K [0x0000000080000000, 0x0000000100000000)
  region size 1024K, 4 young (4096K), 4 survivors (4096K)
 Metaspace       used 19193K, committed 19776K, reserved 1114112K
  class space    used 2730K, committed 3008K, reserved 1048576K
}
Event: 5.986 GC heap before
{Heap before GC invocations=6 (full 0):
 garbage-first heap   total 63488K, used 31601K [0x0000000080000000, 0x0000000100000000)
  region size 1024K, 14 young (14336K), 4 survivors (4096K)
 Metaspace       used 20836K, committed 21504K, reserved 1114112K
  class space    used 2997K, committed 3328K, reserved 1048576K
}
Event: 5.995 GC heap after
{Heap after GC invocations=7 (full 0):
 garbage-first heap   total 63488K, used 22994K [0x0000000080000000, 0x0000000100000000)
  region size 1024K, 3 young (3072K), 3 survivors (3072K)
 Metaspace       used 20836K, committed 21504K, reserved 1114112K
  class space    used 2997K, committed 3328K, reserved 1048576K
}
Event: 6.907 GC heap before
{Heap before GC invocations=8 (full 0):
 garbage-first heap   total 63488K, used 47570K [0x0000000080000000, 0x0000000100000000)
  region size 1024K, 27 young (27648K), 3 survivors (3072K)
 Metaspace       used 24014K, committed 24960K, reserved 1114112K
  class space    used 3520K, committed 3968K, reserved 1048576K
}
Event: 6.914 GC heap after
{Heap after GC invocations=9 (full 0):
 garbage-first heap   total 63488K, used 24576K [0x0000000080000000, 0x0000000100000000)
  region size 1024K, 2 young (2048K), 2 survivors (2048K)
 Metaspace       used 24014K, committed 24960K, reserved 1114112K
  class space    used 3520K, committed 3968K, reserved 1048576K
}
Event: 6.964 GC heap before
{Heap before GC invocations=9 (full 0):
 garbage-first heap   total 63488K, used 25600K [0x0000000080000000, 0x0000000100000000)
  region size 1024K, 3 young (3072K), 2 survivors (2048K)
 Metaspace       used 24180K, committed 25152K, reserved 1114112K
  class space    used 3547K, committed 4032K, reserved 1048576K
}
Event: 6.970 GC heap after
{Heap after GC invocations=10 (full 0):
 garbage-first heap   total 63488K, used 24602K [0x0000000080000000, 0x0000000100000000)
  region size 1024K, 1 young (1024K), 1 survivors (1024K)
 Metaspace       used 24180K, committed 25152K, reserved 1114112K
  class space    used 3547K, committed 4032K, reserved 1048576K
}
Event: 8.395 GC heap before
{Heap before GC invocations=10 (full 0):
 garbage-first heap   total 63488K, used 47130K [0x0000000080000000, 0x0000000100000000)
  region size 1024K, 24 young (24576K), 1 survivors (1024K)
 Metaspace       used 28188K, committed 29312K, reserved 1114112K
  class space    used 4140K, committed 4736K, reserved 1048576K
}
Event: 8.402 GC heap after
{Heap after GC invocations=11 (full 0):
 garbage-first heap   total 84992K, used 25659K [0x0000000080000000, 0x0000000100000000)
  region size 1024K, 2 young (2048K), 2 survivors (2048K)
 Metaspace       used 28188K, committed 29312K, reserved 1114112K
  class space    used 4140K, committed 4736K, reserved 1048576K
}
Event: 9.839 GC heap before
{Heap before GC invocations=11 (full 0):
 garbage-first heap   total 84992K, used 61499K [0x0000000080000000, 0x0000000100000000)
  region size 1024K, 38 young (38912K), 2 survivors (2048K)
 Metaspace       used 33705K, committed 34880K, reserved 1114112K
  class space    used 4684K, committed 5312K, reserved 1048576K
}
Event: 9.847 GC heap after
{Heap after GC invocations=12 (full 0):
 garbage-first heap   total 84992K, used 30168K [0x0000000080000000, 0x0000000100000000)
  region size 1024K, 5 young (5120K), 5 survivors (5120K)
 Metaspace       used 33705K, committed 34880K, reserved 1114112K
  class space    used 4684K, committed 5312K, reserved 1048576K
}

Dll operation events (13 events):
Event: 0.012 Loaded shared library C:\Program Files\Java\jdk-19\bin\java.dll
Event: 0.031 Loaded shared library C:\Program Files\Java\jdk-19\bin\jsvml.dll
Event: 0.144 Loaded shared library C:\Program Files\Java\jdk-19\bin\net.dll
Event: 0.150 Loaded shared library C:\Program Files\Java\jdk-19\bin\nio.dll
Event: 0.161 Loaded shared library C:\Program Files\Java\jdk-19\bin\zip.dll
Event: 0.516 Loaded shared library C:\Program Files\Java\jdk-19\bin\jimage.dll
Event: 0.635 Loaded shared library C:\Program Files\Java\jdk-19\bin\verify.dll
Event: 0.955 Loaded shared library C:\Users\Admin\.gradle\native\68d5fa5c4cc2d200863cafc0d521ce42e7d3e7ee720ec0a83991735586a16f82\windows-amd64\native-platform.dll
Event: 0.982 Loaded shared library C:\Users\Admin\.gradle\native\e376f236ea51e6404a007f0833ffe2c6e607c4080706a723a18a27aeea778392\windows-amd64\native-platform-file-events.dll
Event: 2.562 Loaded shared library C:\Program Files\Java\jdk-19\bin\management.dll
Event: 2.571 Loaded shared library C:\Program Files\Java\jdk-19\bin\management_ext.dll
Event: 3.018 Loaded shared library C:\Program Files\Java\jdk-19\bin\extnet.dll
Event: 3.460 Loaded shared library C:\Program Files\Java\jdk-19\bin\sunmscapi.dll

Deoptimization events (20 events):
Event: 8.287 Thread 0x000001bd39042310 Uncommon trap: trap_request=0xffffff45 fr.pc=0x000001bd2ab9c2f4 relative=0x0000000000005d74
Event: 8.287 Thread 0x000001bd39042310 Uncommon trap: reason=unstable_if action=reinterpret pc=0x000001bd2ab9c2f4 method=java.net.URLClassLoader.defineClass(Ljava/lang/String;Ljdk/internal/loader/Resource;)Ljava/lang/Class; @ 21 c2
Event: 8.288 Thread 0x000001bd39042310 DEOPT PACKING pc=0x000001bd2ab9c2f4 sp=0x00000050976fa9c0
Event: 8.288 Thread 0x000001bd39042310 DEOPT UNPACKING pc=0x000001bd2a526d9d sp=0x00000050976fa7b0 mode 2
Event: 8.288 Thread 0x000001bd39042310 Uncommon trap: trap_request=0xffffff45 fr.pc=0x000001bd2ab6b220 relative=0x0000000000005c80
Event: 8.288 Thread 0x000001bd39042310 Uncommon trap: reason=unstable_if action=reinterpret pc=0x000001bd2ab6b220 method=java.lang.ClassLoader.getClassLoadingLock(Ljava/lang/String;)Ljava/lang/Object; @ 6 c2
Event: 8.288 Thread 0x000001bd39042310 DEOPT PACKING pc=0x000001bd2ab6b220 sp=0x00000050976f8e00
Event: 8.288 Thread 0x000001bd39042310 DEOPT UNPACKING pc=0x000001bd2a526d9d sp=0x00000050976f8e20 mode 2
Event: 8.296 Thread 0x000001bd39042310 Uncommon trap: trap_request=0xffffff45 fr.pc=0x000001bd2ab33780 relative=0x00000000000000e0
Event: 8.296 Thread 0x000001bd39042310 Uncommon trap: reason=unstable_if action=reinterpret pc=0x000001bd2ab33780 method=java.lang.ClassLoader.getClassLoadingLock(Ljava/lang/String;)Ljava/lang/Object; @ 6 c2
Event: 8.296 Thread 0x000001bd39042310 DEOPT PACKING pc=0x000001bd2ab33780 sp=0x00000050976f9090
Event: 8.296 Thread 0x000001bd39042310 DEOPT UNPACKING pc=0x000001bd2a526d9d sp=0x00000050976f9020 mode 2
Event: 8.565 Thread 0x000001bd39042310 Uncommon trap: trap_request=0xffffff45 fr.pc=0x000001bd2ab46674 relative=0x0000000000000594
Event: 8.565 Thread 0x000001bd39042310 Uncommon trap: reason=unstable_if action=reinterpret pc=0x000001bd2ab46674 method=jdk.internal.org.objectweb.asm.MethodWriter.visitVarInsn(II)V @ 108 c2
Event: 8.565 Thread 0x000001bd39042310 DEOPT PACKING pc=0x000001bd2ab46674 sp=0x00000050976f04f0
Event: 8.565 Thread 0x000001bd39042310 DEOPT UNPACKING pc=0x000001bd2a526d9d sp=0x00000050976f04b8 mode 2
Event: 8.578 Thread 0x000001bd39042310 Uncommon trap: trap_request=0xffffff45 fr.pc=0x000001bd2abad3e0 relative=0x0000000000001240
Event: 8.578 Thread 0x000001bd39042310 Uncommon trap: reason=unstable_if action=reinterpret pc=0x000001bd2abad3e0 method=java.lang.invoke.LambdaForm.useCount(Ljava/lang/invoke/LambdaForm$Name;)I @ 8 c2
Event: 8.578 Thread 0x000001bd39042310 DEOPT PACKING pc=0x000001bd2abad3e0 sp=0x00000050976f5d60
Event: 8.578 Thread 0x000001bd39042310 DEOPT UNPACKING pc=0x000001bd2a526d9d sp=0x00000050976f5bc0 mode 2

Classes loaded (20 events):
Event: 9.630 Loading class jdk/internal/jrtfs/SystemImage$1
Event: 9.630 Loading class jdk/internal/jrtfs/SystemImage$1 done
Event: 9.630 Loading class jdk/internal/jimage/ImageReader$SharedImageReader$LocationVisitor
Event: 9.630 Loading class jdk/internal/jimage/ImageReader$SharedImageReader$LocationVisitor done
Event: 9.631 Loading class java/nio/ByteBufferAsIntBufferL
Event: 9.633 Loading class java/nio/ByteBufferAsIntBufferL done
Event: 9.635 Loading class jdk/internal/jrtfs/JrtFileAttributes
Event: 9.635 Loading class jdk/internal/jrtfs/JrtFileAttributes done
Event: 9.635 Loading class jdk/internal/jrtfs/JrtDirectoryStream
Event: 9.635 Loading class jdk/internal/jrtfs/JrtDirectoryStream done
Event: 9.637 Loading class jdk/internal/jrtfs/JrtDirectoryStream$1
Event: 9.637 Loading class jdk/internal/jrtfs/JrtDirectoryStream$1 done
Event: 9.638 Loading class java/util/function/BooleanSupplier
Event: 9.638 Loading class java/util/function/BooleanSupplier done
Event: 9.639 Loading class jdk/internal/jimage/ImageReader$Resource
Event: 9.639 Loading class jdk/internal/jimage/ImageReader$Resource done
Event: 9.838 Loading class java/util/WeakHashMap$KeyIterator
Event: 9.838 Loading class java/util/WeakHashMap$HashIterator
Event: 9.839 Loading class java/util/WeakHashMap$HashIterator done
Event: 9.839 Loading class java/util/WeakHashMap$KeyIterator done

Classes unloaded (0 events):
No events

Classes redefined (0 events):
No events

Internal exceptions (20 events):
Event: 8.279 Thread 0x000001bd39042310 Exception <a 'java/lang/NoSuchMethodError'{0x000000008279f348}: 'void java.lang.invoke.DirectMethodHandle$Holder.invokeInterface(java.lang.Object, java.lang.Object, java.lang.Object, java.lang.Object, java.lang.Object, java.lang.Object, java.lang.Object)'> (0x000000008279f348) 
thrown [s\open\src\hotspot\share\interpreter\linkResolver.cpp, line 774]
Event: 8.280 Thread 0x000001bd39042310 Exception <a 'java/lang/NoSuchMethodError'{0x00000000827a47b0}: 'void java.lang.invoke.DelegatingMethodHandle$Holder.reinvoke_L(java.lang.Object, java.lang.Object, java.lang.Object, java.lang.Object, java.lang.Object, java.lang.Object, java.lang.Object)'> (0x00000000827a47b0) 
thrown [s\open\src\hotspot\share\interpreter\linkResolver.cpp, line 774]
Event: 8.364 Thread 0x000001bd39042310 Exception <a 'java/lang/NoSuchMethodError'{0x00000000826a5bf0}: 'java.lang.Object java.lang.invoke.DirectMethodHandle$Holder.invokeSpecial(java.lang.Object, java.lang.Object, java.lang.Object, int, java.lang.Object, java.lang.Object)'> (0x00000000826a5bf0) 
thrown [s\open\src\hotspot\share\interpreter\linkResolver.cpp, line 774]
Event: 8.565 Thread 0x000001bd39042310 Implicit null exception at 0x000001bd2ab461ea to 0x000001bd2ab46668
Event: 8.566 Thread 0x000001bd39042310 Exception <a 'java/lang/NoSuchMethodError'{0x0000000085076a48}: 'java.lang.reflect.Method[] java.lang.Class.getDeclaredMethods(java.lang.Class)'> (0x0000000085076a48) 
thrown [s\open\src\hotspot\share\interpreter\linkResolver.cpp, line 774]
Event: 8.684 Thread 0x000001bd39042310 Exception <a 'java/lang/NoSuchMethodError'{0x0000000084fcd8e8}: 'void java.lang.invoke.DirectMethodHandle$Holder.invokeStaticInit(java.lang.Object, java.lang.Object, java.lang.Object)'> (0x0000000084fcd8e8) 
thrown [s\open\src\hotspot\share\interpreter\linkResolver.cpp, line 774]
Event: 8.686 Thread 0x000001bd39042310 Exception <a 'java/lang/NoSuchMethodError'{0x0000000084fd4fa8}: 'void java.lang.invoke.DirectMethodHandle$Holder.invokeStaticInit(java.lang.Object, java.lang.Object, java.lang.Object, java.lang.Object)'> (0x0000000084fd4fa8) 
thrown [s\open\src\hotspot\share\interpreter\linkResolver.cpp, line 774]
Event: 8.699 Thread 0x000001bd39042310 Exception <a 'java/lang/NoSuchMethodError'{0x0000000084ffb778}: 'void java.lang.invoke.DirectMethodHandle$Holder.invokeStaticInit(java.lang.Object, java.lang.Object, java.lang.Object, java.lang.Object, java.lang.Object)'> (0x0000000084ffb778) 
thrown [s\open\src\hotspot\share\interpreter\linkResolver.cpp, line 774]
Event: 8.725 Thread 0x000001bd39042310 Exception <a 'java/lang/NoSuchMethodError'{0x0000000084e57000}: 'int java.lang.invoke.DirectMethodHandle$Holder.invokeStaticInit(java.lang.Object, java.lang.Object, java.lang.Object, java.lang.Object)'> (0x0000000084e57000) 
thrown [s\open\src\hotspot\share\interpreter\linkResolver.cpp, line 774]
Event: 9.311 Thread 0x000001bd39042310 Exception <a 'java/lang/ClassNotFoundException'{0x000000008466b6d0}: groovy/lang/ExpandoMetaClassBeanInfo> (0x000000008466b6d0) 
thrown [s\open\src\hotspot\share\classfile\systemDictionary.cpp, line 255]
Event: 9.312 Thread 0x000001bd39042310 Exception <a 'java/lang/ClassNotFoundException'{0x0000000084673888}: groovy/lang/MetaClassImplBeanInfo> (0x0000000084673888) 
thrown [s\open\src\hotspot\share\classfile\systemDictionary.cpp, line 255]
Event: 9.312 Thread 0x000001bd39042310 Exception <a 'java/lang/ClassNotFoundException'{0x00000000846789d0}: java/lang/ObjectBeanInfo> (0x00000000846789d0) 
thrown [s\open\src\hotspot\share\classfile\systemDictionary.cpp, line 255]
Event: 9.314 Thread 0x000001bd39042310 Exception <a 'java/lang/ClassNotFoundException'{0x000000008467d990}: java/lang/ObjectCustomizer> (0x000000008467d990) 
thrown [s\open\src\hotspot\share\classfile\systemDictionary.cpp, line 255]
Event: 9.323 Thread 0x000001bd39042310 Exception <a 'java/lang/IncompatibleClassChangeError'{0x0000000084682378}: Found class java.lang.Object, but interface was expected> (0x0000000084682378) 
thrown [s\open\src\hotspot\share\interpreter\linkResolver.cpp, line 841]
Event: 9.331 Thread 0x000001bd39042310 Exception <a 'java/lang/ClassNotFoundException'{0x0000000084694d28}: groovy/lang/MetaClassImplCustomizer> (0x0000000084694d28) 
thrown [s\open\src\hotspot\share\classfile\systemDictionary.cpp, line 255]
Event: 9.340 Thread 0x000001bd39042310 Exception <a 'java/lang/ClassNotFoundException'{0x00000000846bada8}: groovy/lang/ExpandoMetaClassCustomizer> (0x00000000846bada8) 
thrown [s\open\src\hotspot\share\classfile\systemDictionary.cpp, line 255]
Event: 9.855 Thread 0x000001bd39042310 Exception <a 'java/lang/ClassNotFoundException'{0x000000008522ded0}: groovy/lang/BindingBeanInfo> (0x000000008522ded0) 
thrown [s\open\src\hotspot\share\classfile\systemDictionary.cpp, line 255]
Event: 9.856 Thread 0x000001bd39042310 Exception <a 'java/lang/ClassNotFoundException'{0x00000000852360a0}: groovy/lang/GroovyObjectSupportBeanInfo> (0x00000000852360a0) 
thrown [s\open\src\hotspot\share\classfile\systemDictionary.cpp, line 255]
Event: 9.856 Thread 0x000001bd39042310 Exception <a 'java/lang/ClassNotFoundException'{0x000000008523e290}: groovy/lang/GroovyObjectSupportCustomizer> (0x000000008523e290) 
thrown [s\open\src\hotspot\share\classfile\systemDictionary.cpp, line 255]
Event: 9.858 Thread 0x000001bd39042310 Exception <a 'java/lang/ClassNotFoundException'{0x0000000085249858}: groovy/lang/BindingCustomizer> (0x0000000085249858) 
thrown [s\open\src\hotspot\share\classfile\systemDictionary.cpp, line 255]

VM Operations (20 events):
Event: 9.100 Executing VM operation: HandshakeAllThreads
Event: 9.100 Executing VM operation: HandshakeAllThreads done
Event: 9.221 Executing VM operation: HandshakeAllThreads
Event: 9.222 Executing VM operation: HandshakeAllThreads done
Event: 9.480 Executing VM operation: HandshakeAllThreads
Event: 9.480 Executing VM operation: HandshakeAllThreads done
Event: 9.480 Executing VM operation: Cleanup
Event: 9.480 Executing VM operation: Cleanup done
Event: 9.480 Executing VM operation: HandshakeAllThreads
Event: 9.480 Executing VM operation: HandshakeAllThreads done
Event: 9.490 Executing VM operation: HandshakeAllThreads
Event: 9.490 Executing VM operation: HandshakeAllThreads done
Event: 9.497 Executing VM operation: HandshakeAllThreads
Event: 9.497 Executing VM operation: HandshakeAllThreads done
Event: 9.511 Executing VM operation: HandshakeAllThreads
Event: 9.511 Executing VM operation: HandshakeAllThreads done
Event: 9.634 Executing VM operation: HandshakeAllThreads
Event: 9.634 Executing VM operation: HandshakeAllThreads done
Event: 9.839 Executing VM operation: G1CollectForAllocation
Event: 9.848 Executing VM operation: G1CollectForAllocation done

Events (20 events):
Event: 3.568 Thread 0x000001bd39042db0 Thread added: 0x000001bd39042db0
Event: 3.573 Thread 0x000001bd39043da0 Thread added: 0x000001bd39043da0
Event: 3.616 Thread 0x000001bd39041870 Thread added: 0x000001bd39041870
Event: 3.626 Thread 0x000001bd39042310 Thread added: 0x000001bd39042310
Event: 3.647 Thread 0x000001bd39041dc0 Thread added: 0x000001bd39041dc0
Event: 3.653 Thread 0x000001bd3ece02e0 Thread added: 0x000001bd3ece02e0
Event: 3.663 Thread 0x000001bd3ece5d30 Thread added: 0x000001bd3ece5d30
Event: 4.290 Thread 0x000001bd3ece1820 Thread added: 0x000001bd3ece1820
Event: 4.307 Thread 0x000001bd3ece22c0 Thread added: 0x000001bd3ece22c0
Event: 4.790 Thread 0x000001bd3ecdf2f0 Thread added: 0x000001bd3ecdf2f0
Event: 5.846 Thread 0x000001bd3ecdf840 Thread added: 0x000001bd3ecdf840
Event: 5.859 Thread 0x000001bd3ecdfd90 Thread added: 0x000001bd3ecdfd90
Event: 6.323 Thread 0x000001bd3ece0d80 Thread added: 0x000001bd3ece0d80
Event: 6.385 Thread 0x000001bd3ece2d60 Thread added: 0x000001bd3ece2d60
Event: 6.427 Thread 0x000001bd3ece12d0 Thread added: 0x000001bd3ece12d0
Event: 6.690 Thread 0x000001bd3ece1d70 Thread added: 0x000001bd3ece1d70
Event: 6.776 Thread 0x000001bd3ece2810 Thread added: 0x000001bd3ece2810
Event: 7.126 Thread 0x000001bd3ecde300 Thread added: 0x000001bd3ecde300
Event: 7.729 Thread 0x000001bd3ecde850 Thread added: 0x000001bd3ecde850
Event: 8.024 Thread 0x000001bd3ece5290 Thread added: 0x000001bd3ece5290


Dynamic libraries:
0x00007ff65f1d0000 - 0x00007ff65f1e0000 	C:\Program Files\Java\jdk-19\bin\java.exe
0x00007fff8c670000 - 0x00007fff8c868000 	C:\Windows\SYSTEM32\ntdll.dll
0x00007fff8bb90000 - 0x00007fff8bc4f000 	C:\Windows\System32\KERNEL32.DLL
0x00007fff89e50000 - 0x00007fff8a146000 	C:\Windows\System32\KERNELBASE.dll
0x00007fff871a0000 - 0x00007fff87231000 	C:\Windows\SYSTEM32\apphelp.dll
0x00007fff89d50000 - 0x00007fff89e50000 	C:\Windows\System32\ucrtbase.dll
0x00007fff82660000 - 0x00007fff8267b000 	C:\Program Files\Java\jdk-19\bin\VCRUNTIME140.dll
0x00007fff82560000 - 0x00007fff82578000 	C:\Program Files\Java\jdk-19\bin\jli.dll
0x00007fff8bae0000 - 0x00007fff8bb8f000 	C:\Windows\System32\ADVAPI32.dll
0x00007fff8b700000 - 0x00007fff8b79e000 	C:\Windows\System32\msvcrt.dll
0x00007fff8b7a0000 - 0x00007fff8b83c000 	C:\Windows\System32\sechost.dll
0x00007fff8c480000 - 0x00007fff8c5a6000 	C:\Windows\System32\RPCRT4.dll
0x00007fff8b100000 - 0x00007fff8b29d000 	C:\Windows\System32\USER32.dll
0x00007fff8a500000 - 0x00007fff8a522000 	C:\Windows\System32\win32u.dll
0x00007fff71b50000 - 0x00007fff71dea000 	C:\Windows\WinSxS\amd64_microsoft.windows.common-controls_6595b64144ccf1df_6.0.19041.1110_none_60b5254171f9507e\COMCTL32.dll
0x00007fff8b970000 - 0x00007fff8b99c000 	C:\Windows\System32\GDI32.dll
0x00007fff8a150000 - 0x00007fff8a265000 	C:\Windows\System32\gdi32full.dll
0x00007fff8a530000 - 0x00007fff8a5cd000 	C:\Windows\System32\msvcp_win.dll
0x00007fff80fe0000 - 0x00007fff80fea000 	C:\Windows\SYSTEM32\VERSION.dll
0x00007fff8bfd0000 - 0x00007fff8c000000 	C:\Windows\System32\IMM32.DLL
0x00007fff7f250000 - 0x00007fff7f25c000 	C:\Program Files\Java\jdk-19\bin\vcruntime140_1.dll
0x00007fff5c220000 - 0x00007fff5c2ae000 	C:\Program Files\Java\jdk-19\bin\msvcp140.dll
0x00007fff34a90000 - 0x00007fff35750000 	C:\Program Files\Java\jdk-19\bin\server\jvm.dll
0x00007fff74330000 - 0x00007fff74357000 	C:\Windows\SYSTEM32\WINMM.dll
0x00007fff66360000 - 0x00007fff66369000 	C:\Windows\SYSTEM32\WSOCK32.dll
0x00007fff8b5e0000 - 0x00007fff8b64b000 	C:\Windows\System32\WS2_32.dll
0x00007fff88590000 - 0x00007fff885a2000 	C:\Windows\SYSTEM32\kernel.appcore.dll
0x00007fff7b570000 - 0x00007fff7b57a000 	C:\Program Files\Java\jdk-19\bin\jimage.dll
0x00007fff874f0000 - 0x00007fff876d4000 	C:\Windows\SYSTEM32\DBGHELP.DLL
0x00007fff79610000 - 0x00007fff79644000 	C:\Windows\SYSTEM32\dbgcore.DLL
0x00007fff8a470000 - 0x00007fff8a4f2000 	C:\Windows\System32\bcryptPrimitives.dll
0x00007fff640c0000 - 0x00007fff640e6000 	C:\Program Files\Java\jdk-19\bin\java.dll
0x00007fff52f50000 - 0x00007fff53027000 	C:\Program Files\Java\jdk-19\bin\jsvml.dll
0x00007fff8a6d0000 - 0x00007fff8ae14000 	C:\Windows\System32\SHELL32.dll
0x00007fff87de0000 - 0x00007fff88573000 	C:\Windows\SYSTEM32\windows.storage.dll
0x00007fff8bc70000 - 0x00007fff8bfc4000 	C:\Windows\System32\combase.dll
0x00007fff896c0000 - 0x00007fff896ee000 	C:\Windows\SYSTEM32\Wldp.dll
0x00007fff8b650000 - 0x00007fff8b6fd000 	C:\Windows\System32\SHCORE.dll
0x00007fff8b580000 - 0x00007fff8b5d5000 	C:\Windows\System32\shlwapi.dll
0x00007fff89c90000 - 0x00007fff89caf000 	C:\Windows\SYSTEM32\profapi.dll
0x00007fff5dab0000 - 0x00007fff5dac3000 	C:\Program Files\Java\jdk-19\bin\net.dll
0x00007fff7ab00000 - 0x00007fff7ac0a000 	C:\Windows\SYSTEM32\WINHTTP.dll
0x00007fff89420000 - 0x00007fff8948a000 	C:\Windows\system32\mswsock.dll
0x00007fff5da90000 - 0x00007fff5daa6000 	C:\Program Files\Java\jdk-19\bin\nio.dll
0x00007fff5da70000 - 0x00007fff5da88000 	C:\Program Files\Java\jdk-19\bin\zip.dll
0x00007fff7b150000 - 0x00007fff7b160000 	C:\Program Files\Java\jdk-19\bin\verify.dll
0x00007fff6b350000 - 0x00007fff6b377000 	C:\Users\Admin\.gradle\native\68d5fa5c4cc2d200863cafc0d521ce42e7d3e7ee720ec0a83991735586a16f82\windows-amd64\native-platform.dll
0x00007fff4e920000 - 0x00007fff4ea64000 	C:\Users\Admin\.gradle\native\e376f236ea51e6404a007f0833ffe2c6e607c4080706a723a18a27aeea778392\windows-amd64\native-platform-file-events.dll
0x00007fff7b120000 - 0x00007fff7b12a000 	C:\Program Files\Java\jdk-19\bin\management.dll
0x00007fff72db0000 - 0x00007fff72dbb000 	C:\Program Files\Java\jdk-19\bin\management_ext.dll
0x00007fff8c000000 - 0x00007fff8c008000 	C:\Windows\System32\PSAPI.DLL
0x00007fff89620000 - 0x00007fff89638000 	C:\Windows\SYSTEM32\CRYPTSP.dll
0x00007fff88d40000 - 0x00007fff88d74000 	C:\Windows\system32\rsaenh.dll
0x00007fff8a440000 - 0x00007fff8a467000 	C:\Windows\System32\bcrypt.dll
0x00007fff89c50000 - 0x00007fff89c7e000 	C:\Windows\SYSTEM32\USERENV.dll
0x00007fff89610000 - 0x00007fff8961c000 	C:\Windows\SYSTEM32\CRYPTBASE.dll
0x00007fff89110000 - 0x00007fff8914c000 	C:\Windows\SYSTEM32\IPHLPAPI.DLL
0x00007fff8b510000 - 0x00007fff8b518000 	C:\Windows\System32\NSI.dll
0x00007fff7b620000 - 0x00007fff7b637000 	C:\Windows\SYSTEM32\dhcpcsvc6.DLL
0x00007fff80050000 - 0x00007fff8006d000 	C:\Windows\SYSTEM32\dhcpcsvc.DLL
0x00007fff89150000 - 0x00007fff8921a000 	C:\Windows\SYSTEM32\DNSAPI.dll
0x00007fff72bd0000 - 0x00007fff72bd8000 	C:\Program Files\Java\jdk-19\bin\extnet.dll
0x00007fff72a70000 - 0x00007fff72a7e000 	C:\Program Files\Java\jdk-19\bin\sunmscapi.dll
0x00007fff8a2e0000 - 0x00007fff8a43e000 	C:\Windows\System32\CRYPT32.dll
0x00007fff89730000 - 0x00007fff89758000 	C:\Windows\SYSTEM32\ncrypt.dll
0x00007fff896f0000 - 0x00007fff8972b000 	C:\Windows\SYSTEM32\NTASN1.dll
0x00007fff71e90000 - 0x00007fff71e97000 	C:\Windows\system32\wshunix.dll

dbghelp: loaded successfully - version: 4.0.5 - missing functions: none
symbol engine: initialized successfully - sym options: 0x614 - pdb path: .;C:\Program Files\Java\jdk-19\bin;C:\Windows\SYSTEM32;C:\Windows\WinSxS\amd64_microsoft.windows.common-controls_6595b64144ccf1df_6.0.19041.1110_none_60b5254171f9507e;C:\Program Files\Java\jdk-19\bin\server;C:\Users\Admin\.gradle\native\68d5fa5c4cc2d200863cafc0d521ce42e7d3e7ee720ec0a83991735586a16f82\windows-amd64;C:\Users\Admin\.gradle\native\e376f236ea51e6404a007f0833ffe2c6e607c4080706a723a18a27aeea778392\windows-amd64

VM Arguments:
jvm_args: --add-opens=java.base/java.util=ALL-UNNAMED --add-opens=java.base/java.lang=ALL-UNNAMED --add-opens=java.base/java.lang.invoke=ALL-UNNAMED --add-opens=java.prefs/java.util.prefs=ALL-UNNAMED --add-opens=java.base/java.nio.charset=ALL-UNNAMED --add-opens=java.base/java.net=ALL-UNNAMED --add-opens=java.base/java.util.concurrent.atomic=ALL-UNNAMED -Xmx2048m -Dfile.encoding=UTF-8 -Duser.country=IN -Duser.language=en -Duser.variant 
java_command: org.gradle.launcher.daemon.bootstrap.GradleDaemon 8.0
java_class_path (initial): C:\Users\Admin\.gradle\wrapper\dists\gradle-8.0-bin\ca5e32bp14vu59qr306oxotwh\gradle-8.0\lib\gradle-launcher-8.0.jar
Launcher Type: SUN_STANDARD

[Global flags]
     intx CICompilerCount                          = 3                                         {product} {ergonomic}
     uint ConcGCThreads                            = 1                                         {product} {ergonomic}
     uint G1ConcRefinementThreads                  = 4                                         {product} {ergonomic}
   size_t G1HeapRegionSize                         = 1048576                                   {product} {ergonomic}
    uintx GCDrainStackTargetSize                   = 64                                        {product} {ergonomic}
   size_t InitialHeapSize                          = 65011712                                  {product} {ergonomic}
   size_t MarkStackSize                            = 4194304                                   {product} {ergonomic}
   size_t MaxHeapSize                              = 2147483648                                {product} {command line}
   size_t MaxNewSize                               = 1287651328                                {product} {ergonomic}
   size_t MinHeapDeltaBytes                        = 1048576                                   {product} {ergonomic}
   size_t MinHeapSize                              = 8388608                                   {product} {ergonomic}
    uintx NonNMethodCodeHeapSize                   = 5832780                                {pd product} {ergonomic}
    uintx NonProfiledCodeHeapSize                  = 122912730                              {pd product} {ergonomic}
    uintx ProfiledCodeHeapSize                     = 122912730                              {pd product} {ergonomic}
    uintx ReservedCodeCacheSize                    = 251658240                              {pd product} {ergonomic}
     bool SegmentedCodeCache                       = true                                      {product} {ergonomic}
   size_t SoftMaxHeapSize                          = 2147483648                             {manageable} {ergonomic}
     bool UseCompressedClassPointers               = true                           {product lp64_product} {ergonomic}
     bool UseCompressedOops                        = true                           {product lp64_product} {ergonomic}
     bool UseG1GC                                  = true                                      {product} {ergonomic}
     bool UseLargePagesIndividualAllocation        = false                                  {pd product} {ergonomic}

Logging:
Log output configuration:
 #0: stdout all=warning uptime,level,tags foldmultilines=false
 #1: stderr all=off uptime,level,tags foldmultilines=false

Environment Variables:
CLASSPATH=C:\mysql-connector.jar;.;
PATH=C:\oraclexe\app\oracle\product\11.2.0\server\bin;C:\Program Files\Common Files\Oracle\Java\javapath;C:\Windows\system32;C:\Windows;C:\Windows\System32\Wbem;C:\Windows\System32\WindowsPowerShell\v1.0\;C:\Windows\System32\OpenSSH\;C:\Program Files\nodejs\;C:\Program Files\dotnet\;C:\Program Files\Git\cmd;C:\Program Files (x86)\dotnet\;C:\Program Files\MySQL\MySQL Shell 8.0\bin\;C:\Users\Admin\AppData\Local\Programs\Python\Python39\Scripts\;C:\Users\Admin\AppData\Local\Programs\Python\Python39\;C:\Users\Admin\AppData\Local\Microsoft\WindowsApps;C:\Users\Admin\AppData\Roaming\npm;C:\Program Files\JetBrains\IntelliJ IDEA Community Edition 2023.1.2\bin;;C:\Users\Admin\AppData\Local\GitHubDesktop\bin;C:\Program Files\Java\jdk-19\bin;C:\Users\Admin\AppData\Local\Programs\Microsoft VS Code\bin;C:\Program Files\JetBrains\WebStorm 2023.1.3\bin;
USERNAME=Admin
OS=Windows_NT
PROCESSOR_IDENTIFIER=Intel64 Family 6 Model 122 Stepping 1, GenuineIntel
TMP=C:\Users\Admin\AppData\Local\Temp
TEMP=C:\Users\Admin\AppData\Local\Temp



---------------  S Y S T E M  ---------------

OS:
 Windows 10 , 64 bit Build 19041 (10.0.19041.3031)
OS uptime: 0 days 5:33 hours

CPU: total 4 (initial active 4) (4 cores per cpu, 1 threads per core) family 6 model 122 stepping 1 microcode 0x2e, cx8, cmov, fxsr, mmx, 3dnowpref, sse, sse2, sse3, ssse3, sse4.1, sse4.2, popcnt, tsc, tscinvbit, aes, erms, clmul, sha, clflush, clflushopt, rdtscp, rdpid

Memory: 4k page, system-wide physical 3911M (202M free)
TotalPageFile size 5958M (AvailPageFile size 1M)
current process WorkingSet (physical memory assigned to process): 215M, peak: 215M
current process commit charge ("private bytes"): 250M, peak: 251M

vm_info: Java HotSpot(TM) 64-Bit Server VM (19.0.2+7-44) for windows-amd64 JRE (19.0.2+7-44), built on 2022-11-30T18:02:09Z by "mach5one" with MS VC++ 17.1 (VS2022)

END.
