#
# There is insufficient memory for the Java Runtime Environment to continue.
# Native memory allocation (malloc) failed to allocate 32744 bytes for ChunkPool::allocate
# Possible reasons:
#   The system is out of physical RAM or swap space
#   The process is running with CompressedOops enabled, and the Java Heap may be blocking the growth of the native heap
# Possible solutions:
#   Reduce memory load on the system
#   Increase physical memory or swap space
#   Check if swap backing store is full
#   Decrease Java heap size (-Xmx/-Xms)
#   Decrease number of Java threads
#   Decrease Java thread stack sizes (-Xss)
#   Set larger code cache with -XX:ReservedCodeCacheSize=
#   JVM is running with Unscaled Compressed Oops mode in which the Java heap is
#     placed in the first 4GB address space. The Java Heap base address is the
#     maximum limit for the native heap growth. Please use -XX:HeapBaseMinAddress
#     to set the Java Heap base and to place the Java Heap above 4GB virtual address.
# This output file may be truncated or incomplete.
#
#  Out of Memory Error (arena.cpp:78), pid=12692, tid=10648
#
# JRE version: OpenJDK Runtime Environment Temurin-17.0.7+7 (17.0.7+7) (build 17.0.7+7)
# Java VM: OpenJDK 64-Bit Server VM Temurin-17.0.7+7 (17.0.7+7, mixed mode, tiered, compressed oops, compressed class ptrs, parallel gc, windows-amd64)
# No core dump will be written. Minidumps are not enabled by default on client versions of Windows
#

---------------  S U M M A R Y ------------

Command Line: --add-modules=ALL-SYSTEM --add-opens=java.base/java.util=ALL-UNNAMED --add-opens=java.base/java.lang=ALL-UNNAMED --add-opens=java.base/sun.nio.fs=ALL-UNNAMED -Declipse.application=org.eclipse.jdt.ls.core.id1 -Dosgi.bundles.defaultStartLevel=4 -Declipse.product=org.eclipse.jdt.ls.core.product -Djava.import.generatesMetadataFilesAtProjectRoot=false -Dfile.encoding=utf8 -XX:+UseParallelGC -XX:GCTimeRatio=4 -XX:AdaptiveSizePolicyWeight=90 -Dsun.zip.disableMemoryMapping=true -Xmx1G -Xms100m -Xlog:disable -javaagent:c:\Users\Admin\.vscode\extensions\redhat.java-1.20.0-win32-x64\lombok\lombok-1.18.28.jar -XX:+HeapDumpOnOutOfMemoryError -XX:HeapDumpPath=c:\Users\Admin\AppData\Roaming\Code\User\workspaceStorage\189770a85c9b102437ac12038cc6612a\redhat.java -Daether.dependencyCollector.impl=bf c:\Users\Admin\.vscode\extensions\redhat.java-1.20.0-win32-x64\server\plugins\org.eclipse.equinox.launcher_1.6.500.v20230622-2056.jar -configuration c:\Users\Admin\AppData\Roaming\Code\User\globalStorage\redhat.java\1.20.0\config_win -data c:\Users\Admin\AppData\Roaming\Code\User\workspaceStorage\189770a85c9b102437ac12038cc6612a\redhat.java\jdt_ws

Host: Intel(R) Pentium(R) Silver N5000 CPU @ 1.10GHz, 4 cores, 3G,  Windows 10 , 64 bit Build 19041 (10.0.19041.3031)
Time: Sun Jul 16 21:25:09 2023 India Standard Time elapsed time: 29.450061 seconds (0d 0h 0m 29s)

---------------  T H R E A D  ---------------

Current thread (0x0000020bfa6a0bd0):  JavaThread "C1 CompilerThread0" daemon [_thread_in_native, id=10648, stack(0x0000006119c00000,0x0000006119d00000)]


Current CompileTask:
C1:  29450 5909   !   2       org.eclipse.osgi.internal.loader.classpath.ClasspathManager::findClassImpl (308 bytes)

Stack: [0x0000006119c00000,0x0000006119d00000]
Native frames: (J=compiled Java code, j=interpreted, Vv=VM code, C=native code)
V  [jvm.dll+0x67754a]
V  [jvm.dll+0x834304]
V  [jvm.dll+0x835aae]
V  [jvm.dll+0x836113]
V  [jvm.dll+0x24696f]
V  [jvm.dll+0xac2cc]
V  [jvm.dll+0xac67c]
V  [jvm.dll+0x17c611]
V  [jvm.dll+0x17f0f9]
V  [jvm.dll+0x17f700]
V  [jvm.dll+0x17f590]
V  [jvm.dll+0x177a9f]
V  [jvm.dll+0x176a76]
V  [jvm.dll+0x1801bb]
V  [jvm.dll+0x177c78]
V  [jvm.dll+0x17b36f]
V  [jvm.dll+0x135ae3]
V  [jvm.dll+0x1353df]
V  [jvm.dll+0x135616]
V  [jvm.dll+0x134aaa]
V  [jvm.dll+0x136771]
V  [jvm.dll+0x2284da]
V  [jvm.dll+0x226615]
V  [jvm.dll+0x7ea90b]
V  [jvm.dll+0x7e4e7a]
V  [jvm.dll+0x676395]
C  [ucrtbase.dll+0x21bb2]
C  [KERNEL32.DLL+0x17614]
C  [ntdll.dll+0x526f1]


---------------  P R O C E S S  ---------------

Threads class SMR info:
_java_thread_list=0x0000020bfd72c600, length=35, elements={
0x0000020bf06cb3f0, 0x0000020bf07894f0, 0x0000020bf078c010, 0x0000020bf552c130,
0x0000020bf552ceb0, 0x0000020bf552fc30, 0x0000020bf55305e0, 0x0000020bf54fca60,
0x0000020bfa6a0bd0, 0x0000020bfa6a5ca0, 0x0000020bfa6b28e0, 0x0000020bfa94e2b0,
0x0000020bfaff1a40, 0x0000020bfb11e6b0, 0x0000020bfb11eb80, 0x0000020bfb4a93c0,
0x0000020bfb1be760, 0x0000020bfb782050, 0x0000020bfb1b1500, 0x0000020bfb1b1030,
0x0000020bfb1b0690, 0x0000020bfb1afcf0, 0x0000020bfb1af820, 0x0000020bfb1b0b60,
0x0000020bfb1adb40, 0x0000020bfb1ae9b0, 0x0000020bfb1ae010, 0x0000020bfb1ae4e0,
0x0000020bfb1aee80, 0x0000020bfb1b01c0, 0x0000020bfe159720, 0x0000020bfe157a40,
0x0000020bfe15b400, 0x0000020bfe15aa60, 0x0000020bfe1588b0
}

Java Threads: ( => current thread )
  0x0000020bf06cb3f0 JavaThread "main" [_thread_blocked, id=15612, stack(0x0000006119200000,0x0000006119300000)]
  0x0000020bf07894f0 JavaThread "Reference Handler" daemon [_thread_blocked, id=4512, stack(0x0000006119500000,0x0000006119600000)]
  0x0000020bf078c010 JavaThread "Finalizer" daemon [_thread_blocked, id=11188, stack(0x0000006119600000,0x0000006119700000)]
  0x0000020bf552c130 JavaThread "Signal Dispatcher" daemon [_thread_blocked, id=12416, stack(0x0000006119700000,0x0000006119800000)]
  0x0000020bf552ceb0 JavaThread "Attach Listener" daemon [_thread_blocked, id=15144, stack(0x0000006119800000,0x0000006119900000)]
  0x0000020bf552fc30 JavaThread "Service Thread" daemon [_thread_blocked, id=2928, stack(0x0000006119900000,0x0000006119a00000)]
  0x0000020bf55305e0 JavaThread "Monitor Deflation Thread" daemon [_thread_blocked, id=7008, stack(0x0000006119a00000,0x0000006119b00000)]
  0x0000020bf54fca60 JavaThread "C2 CompilerThread0" daemon [_thread_in_native, id=14348, stack(0x0000006119b00000,0x0000006119c00000)]
=>0x0000020bfa6a0bd0 JavaThread "C1 CompilerThread0" daemon [_thread_in_native, id=10648, stack(0x0000006119c00000,0x0000006119d00000)]
  0x0000020bfa6a5ca0 JavaThread "Sweeper thread" daemon [_thread_blocked, id=4156, stack(0x0000006119d00000,0x0000006119e00000)]
  0x0000020bfa6b28e0 JavaThread "Common-Cleaner" daemon [_thread_blocked, id=14924, stack(0x0000006119e00000,0x0000006119f00000)]
  0x0000020bfa94e2b0 JavaThread "Notification Thread" daemon [_thread_blocked, id=224, stack(0x0000006119f00000,0x000000611a000000)]
  0x0000020bfaff1a40 JavaThread "Active Thread: Equinox Container: c921be7e-011f-4eb3-8307-e151493a3ea3" [_thread_blocked, id=5200, stack(0x000000611a400000,0x000000611a500000)]
  0x0000020bfb11e6b0 JavaThread "Framework Event Dispatcher: Equinox Container: c921be7e-011f-4eb3-8307-e151493a3ea3" daemon [_thread_blocked, id=10128, stack(0x000000611a600000,0x000000611a700000)]
  0x0000020bfb11eb80 JavaThread "Start Level: Equinox Container: c921be7e-011f-4eb3-8307-e151493a3ea3" daemon [_thread_blocked, id=11860, stack(0x000000611a700000,0x000000611a800000)]
  0x0000020bfb4a93c0 JavaThread "SCR Component Actor" daemon [_thread_blocked, id=12988, stack(0x000000611a800000,0x000000611a900000)]
  0x0000020bfb1be760 JavaThread "Worker-JM" [_thread_blocked, id=3752, stack(0x000000611a900000,0x000000611aa00000)]
  0x0000020bfb782050 JavaThread "Worker-0" [_thread_blocked, id=7816, stack(0x000000611aa00000,0x000000611ab00000)]
  0x0000020bfb1b1500 JavaThread "Worker-1" [_thread_blocked, id=11032, stack(0x000000611ab00000,0x000000611ac00000)]
  0x0000020bfb1b1030 JavaThread "Java indexing" daemon [_thread_blocked, id=3852, stack(0x000000611ad00000,0x000000611ae00000)]
  0x0000020bfb1b0690 JavaThread "Worker-2" [_thread_blocked, id=4928, stack(0x000000611ae00000,0x000000611af00000)]
  0x0000020bfb1afcf0 JavaThread "Worker-3" [_thread_blocked, id=13080, stack(0x000000611af00000,0x000000611b000000)]
  0x0000020bfb1af820 JavaThread "JNA Cleaner" daemon [_thread_blocked, id=7488, stack(0x000000611b000000,0x000000611b100000)]
  0x0000020bfb1b0b60 JavaThread "pool-2-thread-1" [_thread_blocked, id=14664, stack(0x000000611ac00000,0x000000611ad00000)]
  0x0000020bfb1adb40 JavaThread "WorkspaceEventsHandler" [_thread_blocked, id=3576, stack(0x000000611a500000,0x000000611a600000)]
  0x0000020bfb1ae9b0 JavaThread "pool-1-thread-1" [_thread_blocked, id=14072, stack(0x000000611b300000,0x000000611b400000)]
  0x0000020bfb1ae010 JavaThread "Worker-4" [_thread_blocked, id=11100, stack(0x000000611b400000,0x000000611b500000)]
  0x0000020bfb1ae4e0 JavaThread "Worker-5: Initialize Workspace" [_thread_blocked, id=4336, stack(0x000000611b500000,0x000000611b600000)]
  0x0000020bfb1aee80 JavaThread "Timer-0" [_thread_blocked, id=15224, stack(0x000000611b600000,0x000000611b700000)]
  0x0000020bfb1b01c0 JavaThread "Connection worker" [_thread_in_native, id=5784, stack(0x000000611b700000,0x000000611b800000)]
  0x0000020bfe159720 JavaThread "Exec process" [_thread_blocked, id=11324, stack(0x000000611b800000,0x000000611b900000)]
  0x0000020bfe157a40 JavaThread "Exec process Thread 2" [_thread_blocked, id=9804, stack(0x000000611b900000,0x000000611ba00000)]
  0x0000020bfe15b400 JavaThread "Exec process Thread 3" [_thread_blocked, id=10140, stack(0x000000611ba00000,0x000000611bb00000)]
  0x0000020bfe15aa60 JavaThread "pool-3-thread-1" [_thread_blocked, id=13052, stack(0x000000611bb00000,0x000000611bc00000)]
  0x0000020bfe1588b0 JavaThread "Forward input" [_thread_blocked, id=9380, stack(0x000000611be00000,0x000000611bf00000)]

Other Threads:
  0x0000020bf0754fa0 VMThread "VM Thread" [stack: 0x0000006119400000,0x0000006119500000] [id=9156]
  0x0000020bfa971050 WatcherThread [stack: 0x000000611a000000,0x000000611a100000] [id=3912]
  0x0000020bf06e0f40 GCTaskThread "GC Thread#0" [stack: 0x0000006119300000,0x0000006119400000] [id=4988]
  0x0000020bfad66a60 GCTaskThread "GC Thread#1" [stack: 0x000000611a100000,0x000000611a200000] [id=10452]
  0x0000020bfad66d10 GCTaskThread "GC Thread#2" [stack: 0x000000611a200000,0x000000611a300000] [id=2976]
  0x0000020bfad6b470 GCTaskThread "GC Thread#3" [stack: 0x000000611a300000,0x000000611a400000] [id=2744]

Threads with active compile tasks:
C2 CompilerThread0    29560 5903 %     4       sun.security.provider.SHA::implCompress0 @ 27 (506 bytes)
C1 CompilerThread0    29560 5909   !   2       org.eclipse.osgi.internal.loader.classpath.ClasspathManager::findClassImpl (308 bytes)

VM state: not at safepoint (normal execution)

VM Mutex/Monitor currently owned by a thread: None

Heap address: 0x00000000c0000000, size: 1024 MB, Compressed Oops mode: 32-bit

CDS archive(s) not mapped
Compressed class space mapped at: 0x0000000100000000-0x0000000140000000, reserved size: 1073741824
Narrow klass base: 0x0000000000000000, Narrow klass shift: 3, Narrow klass range: 0x140000000

GC Precious Log:
 CPUs: 4 total, 4 available
 Memory: 3911M
 Large Page Support: Disabled
 NUMA Support: Disabled
 Compressed Oops: Enabled (32-bit)
 Alignments: Space 512K, Generation 512K, Heap 2M
 Heap Min Capacity: 100M
 Heap Initial Capacity: 100M
 Heap Max Capacity: 1G
 Pre-touch: Disabled
 Parallel Workers: 4

Heap:
 PSYoungGen      total 21504K, used 2972K [0x00000000eab00000, 0x00000000ec700000, 0x0000000100000000)
  eden space 20480K, 10% used [0x00000000eab00000,0x00000000ead2f008,0x00000000ebf00000)
  from space 1024K, 71% used [0x00000000ec600000,0x00000000ec6b8000,0x00000000ec700000)
  to   space 1024K, 0% used [0x00000000ec500000,0x00000000ec500000,0x00000000ec600000)
 ParOldGen       total 68608K, used 44186K [0x00000000c0000000, 0x00000000c4300000, 0x00000000eab00000)
  object space 68608K, 64% used [0x00000000c0000000,0x00000000c2b26a88,0x00000000c4300000)
 Metaspace       used 58311K, committed 59200K, reserved 1114112K
  class space    used 6854K, committed 7232K, reserved 1048576K

Card table byte_map: [0x0000020bf00a0000,0x0000020bf02b0000] _byte_map_base: 0x0000020befaa0000

Marking Bits: (ParMarkBitMap*) 0x00007fff362d52c0
 Begin Bits: [0x0000020bf3350000, 0x0000020bf4350000)
 End Bits:   [0x0000020bf4350000, 0x0000020bf5350000)

Polling page: 0x0000020befe90000

Metaspace:

Usage:
  Non-class:     50.25 MB used.
      Class:      6.69 MB used.
       Both:     56.94 MB used.

Virtual space:
  Non-class space:       64.00 MB reserved,      50.75 MB ( 79%) committed,  1 nodes.
      Class space:        1.00 GB reserved,       7.06 MB ( <1%) committed,  1 nodes.
             Both:        1.06 GB reserved,      57.81 MB (  5%) committed. 

Chunk freelists:
   Non-Class:  12.63 MB
       Class:  8.94 MB
        Both:  21.57 MB

MaxMetaspaceSize: unlimited
CompressedClassSpaceSize: 1.00 GB
Initial GC threshold: 21.00 MB
Current GC threshold: 58.38 MB
CDS: off
MetaspaceReclaimPolicy: balanced
 - commit_granule_bytes: 65536.
 - commit_granule_words: 8192.
 - virtual_space_node_default_size: 8388608.
 - enlarge_chunks_in_place: 1.
 - new_chunks_are_fully_committed: 0.
 - uncommit_free_chunks: 1.
 - use_allocation_guard: 0.
 - handle_deallocations: 1.


Internal statistics:

num_allocs_failed_limit: 6.
num_arena_births: 422.
num_arena_deaths: 14.
num_vsnodes_births: 2.
num_vsnodes_deaths: 0.
num_space_committed: 925.
num_space_uncommitted: 0.
num_chunks_returned_to_freelist: 20.
num_chunks_taken_from_freelist: 2551.
num_chunk_merges: 10.
num_chunk_splits: 1637.
num_chunks_enlarged: 1046.
num_inconsistent_stats: 0.

CodeHeap 'non-profiled nmethods': size=120000Kb used=2277Kb max_used=2529Kb free=117722Kb
 bounds [0x0000020b87ad0000, 0x0000020b87d50000, 0x0000020b8f000000]
CodeHeap 'profiled nmethods': size=120000Kb used=9808Kb max_used=11300Kb free=110191Kb
 bounds [0x0000020b80000000, 0x0000020b80b10000, 0x0000020b87530000]
CodeHeap 'non-nmethods': size=5760Kb used=1293Kb max_used=1322Kb free=4467Kb
 bounds [0x0000020b87530000, 0x0000020b877a0000, 0x0000020b87ad0000]
 total_blobs=5692 nmethods=5062 adapters=544
 compilation: enabled
              stopped_count=0, restarted_count=0
 full_count=0

Compilation events (20 events):
Event: 27.936 Thread 0x0000020bfa6a0bd0 5897       3       java.util.concurrent.ConcurrentLinkedQueue::poll (84 bytes)
Event: 27.941 Thread 0x0000020bfa6a0bd0 nmethod 5897 0x0000020b800aa710 code [0x0000020b800aada0, 0x0000020b800ae6a8]
Event: 28.528 Thread 0x0000020bfa6a0bd0 5898       3       java.util.concurrent.locks.AbstractQueuedSynchronizer$ConditionObject::canReacquire (28 bytes)
Event: 28.529 Thread 0x0000020bfa6a0bd0 nmethod 5898 0x0000020b80851a10 code [0x0000020b80851bc0, 0x0000020b80851f18]
Event: 29.394 Thread 0x0000020bfa6a0bd0 5899   !   3       java.io.ObjectInputStream$BlockDataInputStream::readUTFSpan (502 bytes)
Event: 29.396 Thread 0x0000020bfa6a0bd0 nmethod 5899 0x0000020b80983090 code [0x0000020b80983340, 0x0000020b80984308]
Event: 29.396 Thread 0x0000020bfa6a0bd0 5900       3       java.io.ObjectInputStream$PeekInputStream::peek (49 bytes)
Event: 29.396 Thread 0x0000020bfa6a0bd0 nmethod 5900 0x0000020b80859310 code [0x0000020b808594c0, 0x0000020b80859768]
Event: 29.396 Thread 0x0000020bfa6a0bd0 5901       3       org.gradle.internal.serialize.AbstractDecoder$DecoderStream::read (31 bytes)
Event: 29.396 Thread 0x0000020bfa6a0bd0 nmethod 5901 0x0000020b80858d90 code [0x0000020b80858f40, 0x0000020b808591c8]
Event: 29.398 Thread 0x0000020bf54fca60 5902       4       jdk.internal.reflect.ClassFileAssembler::emitConstantPoolUTF8 (50 bytes)
Event: 29.399 Thread 0x0000020bfa6a0bd0 5904       3       org.gradle.internal.serialize.AbstractDecoder$DecoderStream::read (11 bytes)
Event: 29.399 Thread 0x0000020bfa6a0bd0 nmethod 5904 0x0000020b800aa290 code [0x0000020b800aa440, 0x0000020b800aa608]
Event: 29.402 Thread 0x0000020bfa6a0bd0 5905       1       java.io.ObjectStreamField::getField (5 bytes)
Event: 29.402 Thread 0x0000020bfa6a0bd0 nmethod 5905 0x0000020b87b72190 code [0x0000020b87b72320, 0x0000020b87b723f8]
Event: 29.406 Thread 0x0000020bfa6a0bd0 5908       3       java.lang.Math::min (12 bytes)
Event: 29.406 Thread 0x0000020bfa6a0bd0 nmethod 5908 0x0000020b80776010 code [0x0000020b807761a0, 0x0000020b807762d8]
Event: 29.422 Thread 0x0000020bf54fca60 nmethod 5902 0x0000020b87cc5d10 code [0x0000020b87cc5f20, 0x0000020b87cc67b0]
Event: 29.422 Thread 0x0000020bf54fca60 5903 %     4       sun.security.provider.SHA::implCompress0 @ 27 (506 bytes)
Event: 29.441 Thread 0x0000020bfa6a0bd0 5909   !   2       org.eclipse.osgi.internal.loader.classpath.ClasspathManager::findClassImpl (308 bytes)

GC Heap History (20 events):
Event: 14.873 GC heap before
{Heap before GC invocations=19 (full 2):
 PSYoungGen      total 21504K, used 21472K [0x00000000eab00000, 0x00000000ec980000, 0x0000000100000000)
  eden space 20480K, 100% used [0x00000000eab00000,0x00000000ebf00000,0x00000000ebf00000)
  from space 1024K, 96% used [0x00000000ec380000,0x00000000ec478020,0x00000000ec480000)
  to   space 4608K, 0% used [0x00000000ebf00000,0x00000000ebf00000,0x00000000ec380000)
 ParOldGen       total 68608K, used 22388K [0x00000000c0000000, 0x00000000c4300000, 0x00000000eab00000)
  object space 68608K, 32% used [0x00000000c0000000,0x00000000c15dd208,0x00000000c4300000)
 Metaspace       used 48978K, committed 49856K, reserved 1114112K
  class space    used 5377K, committed 5760K, reserved 1048576K
}
Event: 14.878 GC heap after
{Heap after GC invocations=19 (full 2):
 PSYoungGen      total 22528K, used 1760K [0x00000000eab00000, 0x00000000ec500000, 0x0000000100000000)
  eden space 20480K, 0% used [0x00000000eab00000,0x00000000eab00000,0x00000000ebf00000)
  from space 2048K, 85% used [0x00000000ebf00000,0x00000000ec0b8000,0x00000000ec100000)
  to   space 3072K, 0% used [0x00000000ec200000,0x00000000ec200000,0x00000000ec500000)
 ParOldGen       total 68608K, used 23404K [0x00000000c0000000, 0x00000000c4300000, 0x00000000eab00000)
  object space 68608K, 34% used [0x00000000c0000000,0x00000000c16db228,0x00000000c4300000)
 Metaspace       used 48978K, committed 49856K, reserved 1114112K
  class space    used 5377K, committed 5760K, reserved 1048576K
}
Event: 14.971 GC heap before
{Heap before GC invocations=20 (full 2):
 PSYoungGen      total 22528K, used 22240K [0x00000000eab00000, 0x00000000ec500000, 0x0000000100000000)
  eden space 20480K, 100% used [0x00000000eab00000,0x00000000ebf00000,0x00000000ebf00000)
  from space 2048K, 85% used [0x00000000ebf00000,0x00000000ec0b8000,0x00000000ec100000)
  to   space 3072K, 0% used [0x00000000ec200000,0x00000000ec200000,0x00000000ec500000)
 ParOldGen       total 68608K, used 23404K [0x00000000c0000000, 0x00000000c4300000, 0x00000000eab00000)
  object space 68608K, 34% used [0x00000000c0000000,0x00000000c16db228,0x00000000c4300000)
 Metaspace       used 48984K, committed 49856K, reserved 1114112K
  class space    used 5377K, committed 5760K, reserved 1048576K
}
Event: 14.977 GC heap after
{Heap after GC invocations=20 (full 2):
 PSYoungGen      total 22528K, used 1888K [0x00000000eab00000, 0x00000000ec400000, 0x0000000100000000)
  eden space 20480K, 0% used [0x00000000eab00000,0x00000000eab00000,0x00000000ebf00000)
  from space 2048K, 92% used [0x00000000ec200000,0x00000000ec3d8000,0x00000000ec400000)
  to   space 2048K, 0% used [0x00000000ebf00000,0x00000000ebf00000,0x00000000ec100000)
 ParOldGen       total 68608K, used 25132K [0x00000000c0000000, 0x00000000c4300000, 0x00000000eab00000)
  object space 68608K, 36% used [0x00000000c0000000,0x00000000c188b228,0x00000000c4300000)
 Metaspace       used 48984K, committed 49856K, reserved 1114112K
  class space    used 5377K, committed 5760K, reserved 1048576K
}
Event: 15.058 GC heap before
{Heap before GC invocations=21 (full 2):
 PSYoungGen      total 22528K, used 22368K [0x00000000eab00000, 0x00000000ec400000, 0x0000000100000000)
  eden space 20480K, 100% used [0x00000000eab00000,0x00000000ebf00000,0x00000000ebf00000)
  from space 2048K, 92% used [0x00000000ec200000,0x00000000ec3d8000,0x00000000ec400000)
  to   space 2048K, 0% used [0x00000000ebf00000,0x00000000ebf00000,0x00000000ec100000)
 ParOldGen       total 68608K, used 25132K [0x00000000c0000000, 0x00000000c4300000, 0x00000000eab00000)
  object space 68608K, 36% used [0x00000000c0000000,0x00000000c188b228,0x00000000c4300000)
 Metaspace       used 48984K, committed 49856K, reserved 1114112K
  class space    used 5377K, committed 5760K, reserved 1048576K
}
Event: 15.065 GC heap after
{Heap after GC invocations=21 (full 2):
 PSYoungGen      total 22528K, used 1984K [0x00000000eab00000, 0x00000000ec300000, 0x0000000100000000)
  eden space 20480K, 0% used [0x00000000eab00000,0x00000000eab00000,0x00000000ebf00000)
  from space 2048K, 96% used [0x00000000ebf00000,0x00000000ec0f0010,0x00000000ec100000)
  to   space 2048K, 0% used [0x00000000ec100000,0x00000000ec100000,0x00000000ec300000)
 ParOldGen       total 68608K, used 26980K [0x00000000c0000000, 0x00000000c4300000, 0x00000000eab00000)
  object space 68608K, 39% used [0x00000000c0000000,0x00000000c1a59228,0x00000000c4300000)
 Metaspace       used 48984K, committed 49856K, reserved 1114112K
  class space    used 5377K, committed 5760K, reserved 1048576K
}
Event: 15.701 GC heap before
{Heap before GC invocations=22 (full 2):
 PSYoungGen      total 22528K, used 22464K [0x00000000eab00000, 0x00000000ec300000, 0x0000000100000000)
  eden space 20480K, 100% used [0x00000000eab00000,0x00000000ebf00000,0x00000000ebf00000)
  from space 2048K, 96% used [0x00000000ebf00000,0x00000000ec0f0010,0x00000000ec100000)
  to   space 2048K, 0% used [0x00000000ec100000,0x00000000ec100000,0x00000000ec300000)
 ParOldGen       total 68608K, used 26980K [0x00000000c0000000, 0x00000000c4300000, 0x00000000eab00000)
  object space 68608K, 39% used [0x00000000c0000000,0x00000000c1a59228,0x00000000c4300000)
 Metaspace       used 49367K, committed 50240K, reserved 1114112K
  class space    used 5401K, committed 5760K, reserved 1048576K
}
Event: 15.707 GC heap after
{Heap after GC invocations=22 (full 2):
 PSYoungGen      total 22528K, used 1920K [0x00000000eab00000, 0x00000000ec300000, 0x0000000100000000)
  eden space 20480K, 0% used [0x00000000eab00000,0x00000000eab00000,0x00000000ebf00000)
  from space 2048K, 93% used [0x00000000ec100000,0x00000000ec2e0000,0x00000000ec300000)
  to   space 2048K, 0% used [0x00000000ebf00000,0x00000000ebf00000,0x00000000ec100000)
 ParOldGen       total 68608K, used 28940K [0x00000000c0000000, 0x00000000c4300000, 0x00000000eab00000)
  object space 68608K, 42% used [0x00000000c0000000,0x00000000c1c43238,0x00000000c4300000)
 Metaspace       used 49367K, committed 50240K, reserved 1114112K
  class space    used 5401K, committed 5760K, reserved 1048576K
}
Event: 16.298 GC heap before
{Heap before GC invocations=23 (full 2):
 PSYoungGen      total 22528K, used 22400K [0x00000000eab00000, 0x00000000ec300000, 0x0000000100000000)
  eden space 20480K, 100% used [0x00000000eab00000,0x00000000ebf00000,0x00000000ebf00000)
  from space 2048K, 93% used [0x00000000ec100000,0x00000000ec2e0000,0x00000000ec300000)
  to   space 2048K, 0% used [0x00000000ebf00000,0x00000000ebf00000,0x00000000ec100000)
 ParOldGen       total 68608K, used 28940K [0x00000000c0000000, 0x00000000c4300000, 0x00000000eab00000)
  object space 68608K, 42% used [0x00000000c0000000,0x00000000c1c43238,0x00000000c4300000)
 Metaspace       used 50742K, committed 51584K, reserved 1114112K
  class space    used 5643K, committed 6016K, reserved 1048576K
}
Event: 16.307 GC heap after
{Heap after GC invocations=23 (full 2):
 PSYoungGen      total 22528K, used 2018K [0x00000000eab00000, 0x00000000ed500000, 0x0000000100000000)
  eden space 20480K, 0% used [0x00000000eab00000,0x00000000eab00000,0x00000000ebf00000)
  from space 2048K, 98% used [0x00000000ebf00000,0x00000000ec0f8ab0,0x00000000ec100000)
  to   space 11264K, 0% used [0x00000000eca00000,0x00000000eca00000,0x00000000ed500000)
 ParOldGen       total 68608K, used 36483K [0x00000000c0000000, 0x00000000c4300000, 0x00000000eab00000)
  object space 68608K, 53% used [0x00000000c0000000,0x00000000c23a0eb0,0x00000000c4300000)
 Metaspace       used 50742K, committed 51584K, reserved 1114112K
  class space    used 5643K, committed 6016K, reserved 1048576K
}
Event: 16.821 GC heap before
{Heap before GC invocations=24 (full 2):
 PSYoungGen      total 22528K, used 22498K [0x00000000eab00000, 0x00000000ed500000, 0x0000000100000000)
  eden space 20480K, 100% used [0x00000000eab00000,0x00000000ebf00000,0x00000000ebf00000)
  from space 2048K, 98% used [0x00000000ebf00000,0x00000000ec0f8ab0,0x00000000ec100000)
  to   space 11264K, 0% used [0x00000000eca00000,0x00000000eca00000,0x00000000ed500000)
 ParOldGen       total 68608K, used 36483K [0x00000000c0000000, 0x00000000c4300000, 0x00000000eab00000)
  object space 68608K, 53% used [0x00000000c0000000,0x00000000c23a0eb0,0x00000000c4300000)
 Metaspace       used 52466K, committed 53376K, reserved 1114112K
  class space    used 5933K, committed 6336K, reserved 1048576K
}
Event: 16.824 GC heap after
{Heap after GC invocations=24 (full 2):
 PSYoungGen      total 21504K, used 672K [0x00000000eab00000, 0x00000000ecb00000, 0x0000000100000000)
  eden space 20480K, 0% used [0x00000000eab00000,0x00000000eab00000,0x00000000ebf00000)
  from space 1024K, 65% used [0x00000000eca00000,0x00000000ecaa8000,0x00000000ecb00000)
  to   space 4096K, 0% used [0x00000000ec300000,0x00000000ec300000,0x00000000ec700000)
 ParOldGen       total 68608K, used 38493K [0x00000000c0000000, 0x00000000c4300000, 0x00000000eab00000)
  object space 68608K, 56% used [0x00000000c0000000,0x00000000c2597650,0x00000000c4300000)
 Metaspace       used 52466K, committed 53376K, reserved 1114112K
  class space    used 5933K, committed 6336K, reserved 1048576K
}
Event: 17.420 GC heap before
{Heap before GC invocations=25 (full 2):
 PSYoungGen      total 21504K, used 21152K [0x00000000eab00000, 0x00000000ecb00000, 0x0000000100000000)
  eden space 20480K, 100% used [0x00000000eab00000,0x00000000ebf00000,0x00000000ebf00000)
  from space 1024K, 65% used [0x00000000eca00000,0x00000000ecaa8000,0x00000000ecb00000)
  to   space 4096K, 0% used [0x00000000ec300000,0x00000000ec300000,0x00000000ec700000)
 ParOldGen       total 68608K, used 38493K [0x00000000c0000000, 0x00000000c4300000, 0x00000000eab00000)
  object space 68608K, 56% used [0x00000000c0000000,0x00000000c2597650,0x00000000c4300000)
 Metaspace       used 52490K, committed 53440K, reserved 1114112K
  class space    used 5933K, committed 6336K, reserved 1048576K
}
Event: 17.423 GC heap after
{Heap after GC invocations=25 (full 2):
 PSYoungGen      total 24576K, used 2127K [0x00000000eab00000, 0x00000000eca80000, 0x0000000100000000)
  eden space 20480K, 0% used [0x00000000eab00000,0x00000000eab00000,0x00000000ebf00000)
  from space 4096K, 51% used [0x00000000ec300000,0x00000000ec513c80,0x00000000ec700000)
  to   space 2560K, 0% used [0x00000000ec800000,0x00000000ec800000,0x00000000eca80000)
 ParOldGen       total 68608K, used 39078K [0x00000000c0000000, 0x00000000c4300000, 0x00000000eab00000)
  object space 68608K, 56% used [0x00000000c0000000,0x00000000c26299f0,0x00000000c4300000)
 Metaspace       used 52490K, committed 53440K, reserved 1114112K
  class space    used 5933K, committed 6336K, reserved 1048576K
}
Event: 17.822 GC heap before
{Heap before GC invocations=26 (full 2):
 PSYoungGen      total 24576K, used 22607K [0x00000000eab00000, 0x00000000eca80000, 0x0000000100000000)
  eden space 20480K, 100% used [0x00000000eab00000,0x00000000ebf00000,0x00000000ebf00000)
  from space 4096K, 51% used [0x00000000ec300000,0x00000000ec513c80,0x00000000ec700000)
  to   space 2560K, 0% used [0x00000000ec800000,0x00000000ec800000,0x00000000eca80000)
 ParOldGen       total 68608K, used 39078K [0x00000000c0000000, 0x00000000c4300000, 0x00000000eab00000)
  object space 68608K, 56% used [0x00000000c0000000,0x00000000c26299f0,0x00000000c4300000)
 Metaspace       used 53324K, committed 54208K, reserved 1114112K
  class space    used 6107K, committed 6464K, reserved 1048576K
}
Event: 17.829 GC heap after
{Heap after GC invocations=26 (full 2):
 PSYoungGen      total 23040K, used 2550K [0x00000000eab00000, 0x00000000eca80000, 0x0000000100000000)
  eden space 20480K, 0% used [0x00000000eab00000,0x00000000eab00000,0x00000000ebf00000)
  from space 2560K, 99% used [0x00000000ec800000,0x00000000eca7d870,0x00000000eca80000)
  to   space 5632K, 0% used [0x00000000ebf80000,0x00000000ebf80000,0x00000000ec500000)
 ParOldGen       total 68608K, used 41189K [0x00000000c0000000, 0x00000000c4300000, 0x00000000eab00000)
  object space 68608K, 60% used [0x00000000c0000000,0x00000000c2839760,0x00000000c4300000)
 Metaspace       used 53324K, committed 54208K, reserved 1114112K
  class space    used 6107K, committed 6464K, reserved 1048576K
}
Event: 18.240 GC heap before
{Heap before GC invocations=27 (full 2):
 PSYoungGen      total 23040K, used 23030K [0x00000000eab00000, 0x00000000eca80000, 0x0000000100000000)
  eden space 20480K, 100% used [0x00000000eab00000,0x00000000ebf00000,0x00000000ebf00000)
  from space 2560K, 99% used [0x00000000ec800000,0x00000000eca7d870,0x00000000eca80000)
  to   space 5632K, 0% used [0x00000000ebf80000,0x00000000ebf80000,0x00000000ec500000)
 ParOldGen       total 68608K, used 41189K [0x00000000c0000000, 0x00000000c4300000, 0x00000000eab00000)
  object space 68608K, 60% used [0x00000000c0000000,0x00000000c2839760,0x00000000c4300000)
 Metaspace       used 55597K, committed 56512K, reserved 1114112K
  class space    used 6497K, committed 6912K, reserved 1048576K
}
Event: 18.244 GC heap after
{Heap after GC invocations=27 (full 2):
 PSYoungGen      total 26112K, used 576K [0x00000000eab00000, 0x00000000ec880000, 0x0000000100000000)
  eden space 20480K, 0% used [0x00000000eab00000,0x00000000eab00000,0x00000000ebf00000)
  from space 5632K, 10% used [0x00000000ebf80000,0x00000000ec010000,0x00000000ec500000)
  to   space 2560K, 0% used [0x00000000ec600000,0x00000000ec600000,0x00000000ec880000)
 ParOldGen       total 68608K, used 43682K [0x00000000c0000000, 0x00000000c4300000, 0x00000000eab00000)
  object space 68608K, 63% used [0x00000000c0000000,0x00000000c2aa8a78,0x00000000c4300000)
 Metaspace       used 55597K, committed 56512K, reserved 1114112K
  class space    used 6497K, committed 6912K, reserved 1048576K
}
Event: 24.027 GC heap before
{Heap before GC invocations=28 (full 2):
 PSYoungGen      total 26112K, used 21056K [0x00000000eab00000, 0x00000000ec880000, 0x0000000100000000)
  eden space 20480K, 100% used [0x00000000eab00000,0x00000000ebf00000,0x00000000ebf00000)
  from space 5632K, 10% used [0x00000000ebf80000,0x00000000ec010000,0x00000000ec500000)
  to   space 2560K, 0% used [0x00000000ec600000,0x00000000ec600000,0x00000000ec880000)
 ParOldGen       total 68608K, used 43682K [0x00000000c0000000, 0x00000000c4300000, 0x00000000eab00000)
  object space 68608K, 63% used [0x00000000c0000000,0x00000000c2aa8a78,0x00000000c4300000)
 Metaspace       used 58179K, committed 59072K, reserved 1114112K
  class space    used 6829K, committed 7232K, reserved 1048576K
}
Event: 24.032 GC heap after
{Heap after GC invocations=28 (full 2):
 PSYoungGen      total 21504K, used 736K [0x00000000eab00000, 0x00000000ec700000, 0x0000000100000000)
  eden space 20480K, 0% used [0x00000000eab00000,0x00000000eab00000,0x00000000ebf00000)
  from space 1024K, 71% used [0x00000000ec600000,0x00000000ec6b8000,0x00000000ec700000)
  to   space 1024K, 0% used [0x00000000ec500000,0x00000000ec500000,0x00000000ec600000)
 ParOldGen       total 68608K, used 44186K [0x00000000c0000000, 0x00000000c4300000, 0x00000000eab00000)
  object space 68608K, 64% used [0x00000000c0000000,0x00000000c2b26a88,0x00000000c4300000)
 Metaspace       used 58179K, committed 59072K, reserved 1114112K
  class space    used 6829K, committed 7232K, reserved 1048576K
}

Dll operation events (14 events):
Event: 0.015 Loaded shared library c:\Users\Admin\.vscode\extensions\redhat.java-1.20.0-win32-x64\jre\17.0.7-win32-x86_64\bin\java.dll
Event: 0.649 Loaded shared library c:\Users\Admin\.vscode\extensions\redhat.java-1.20.0-win32-x64\jre\17.0.7-win32-x86_64\bin\zip.dll
Event: 0.654 Loaded shared library C:\Users\Admin\.vscode\extensions\redhat.java-1.20.0-win32-x64\jre\17.0.7-win32-x86_64\bin\instrument.dll
Event: 0.707 Loaded shared library C:\Users\Admin\.vscode\extensions\redhat.java-1.20.0-win32-x64\jre\17.0.7-win32-x86_64\bin\net.dll
Event: 0.713 Loaded shared library C:\Users\Admin\.vscode\extensions\redhat.java-1.20.0-win32-x64\jre\17.0.7-win32-x86_64\bin\nio.dll
Event: 0.748 Loaded shared library C:\Users\Admin\.vscode\extensions\redhat.java-1.20.0-win32-x64\jre\17.0.7-win32-x86_64\bin\zip.dll
Event: 0.793 Loaded shared library C:\Users\Admin\.vscode\extensions\redhat.java-1.20.0-win32-x64\jre\17.0.7-win32-x86_64\bin\jimage.dll
Event: 0.992 Loaded shared library c:\Users\Admin\.vscode\extensions\redhat.java-1.20.0-win32-x64\jre\17.0.7-win32-x86_64\bin\verify.dll
Event: 3.873 Loaded shared library C:\Users\Admin\AppData\Roaming\Code\User\globalStorage\redhat.java\1.20.0\config_win\org.eclipse.equinox.launcher\org.eclipse.equinox.launcher.win32.win32.x86_64_1.2.700.v20221108-1024\eclipse_11801.dll
Event: 10.420 Loaded shared library C:\Users\Admin\AppData\Local\Temp\jna-63116079\jna6543960452093010795.dll
Event: 16.489 Loaded shared library C:\Users\Admin\.gradle\native\68d5fa5c4cc2d200863cafc0d521ce42e7d3e7ee720ec0a83991735586a16f82\windows-amd64\native-platform.dll
Event: 17.984 Loaded shared library C:\Users\Admin\.vscode\extensions\redhat.java-1.20.0-win32-x64\jre\17.0.7-win32-x86_64\bin\management.dll
Event: 17.991 Loaded shared library C:\Users\Admin\.vscode\extensions\redhat.java-1.20.0-win32-x64\jre\17.0.7-win32-x86_64\bin\management_ext.dll
Event: 22.865 Loaded shared library C:\Users\Admin\.vscode\extensions\redhat.java-1.20.0-win32-x64\jre\17.0.7-win32-x86_64\bin\sunmscapi.dll

Deoptimization events (20 events):
Event: 22.843 Thread 0x0000020bfb1b01c0 Uncommon trap: trap_request=0xffffff45 fr.pc=0x0000020b87d0fc14 relative=0x0000000000000214
Event: 22.843 Thread 0x0000020bfb1b01c0 Uncommon trap: reason=unstable_if action=reinterpret pc=0x0000020b87d0fc14 method=java.util.HashMap.putVal(ILjava/lang/Object;Ljava/lang/Object;ZZ)Ljava/lang/Object; @ 162 c2
Event: 22.843 Thread 0x0000020bfb1b01c0 DEOPT PACKING pc=0x0000020b87d0fc14 sp=0x000000611b7fbf60
Event: 22.843 Thread 0x0000020bfb1b01c0 DEOPT UNPACKING pc=0x0000020b8758669d sp=0x000000611b7fbe78 mode 2
Event: 22.905 Thread 0x0000020bfb1b01c0 Uncommon trap: trap_request=0xffffffc6 fr.pc=0x0000020b87b5d228 relative=0x0000000000000088
Event: 22.905 Thread 0x0000020bfb1b01c0 Uncommon trap: reason=bimorphic_or_optimized_type_check action=maybe_recompile pc=0x0000020b87b5d228 method=java.util.AbstractList$Itr.hasNext()Z @ 8 c2
Event: 22.905 Thread 0x0000020bfb1b01c0 DEOPT PACKING pc=0x0000020b87b5d228 sp=0x000000611b7fd040
Event: 22.905 Thread 0x0000020bfb1b01c0 DEOPT UNPACKING pc=0x0000020b8758669d sp=0x000000611b7fcfd8 mode 2
Event: 22.905 Thread 0x0000020bfb1b01c0 Uncommon trap: trap_request=0xffffffc6 fr.pc=0x0000020b87bfcde0 relative=0x0000000000000140
Event: 22.905 Thread 0x0000020bfb1b01c0 Uncommon trap: reason=bimorphic_or_optimized_type_check action=maybe_recompile pc=0x0000020b87bfcde0 method=java.util.AbstractList$Itr.next()Ljava/lang/Object; @ 14 c2
Event: 22.905 Thread 0x0000020bfb1b01c0 DEOPT PACKING pc=0x0000020b87bfcde0 sp=0x000000611b7fd030
Event: 22.905 Thread 0x0000020bfb1b01c0 DEOPT UNPACKING pc=0x0000020b8758669d sp=0x000000611b7fcfc8 mode 2
Event: 22.952 Thread 0x0000020bfb1b01c0 Uncommon trap: trap_request=0xffffff45 fr.pc=0x0000020b87b94670 relative=0x00000000000001b0
Event: 22.952 Thread 0x0000020bfb1b01c0 Uncommon trap: reason=unstable_if action=reinterpret pc=0x0000020b87b94670 method=sun.nio.fs.NativeBuffers.getNativeBufferFromCache(I)Lsun/nio/fs/NativeBuffer; @ 34 c2
Event: 22.952 Thread 0x0000020bfb1b01c0 DEOPT PACKING pc=0x0000020b87b94670 sp=0x000000611b7fd9f0
Event: 22.952 Thread 0x0000020bfb1b01c0 DEOPT UNPACKING pc=0x0000020b8758669d sp=0x000000611b7fd978 mode 2
Event: 25.532 Thread 0x0000020bfb1ae9b0 Uncommon trap: trap_request=0xffffffcc fr.pc=0x0000020b87c6dbb0 relative=0x0000000000000110
Event: 25.532 Thread 0x0000020bfb1ae9b0 Uncommon trap: reason=intrinsic_or_type_checked_inlining action=make_not_entrant pc=0x0000020b87c6dbb0 method=java.util.ArrayList.toArray([Ljava/lang/Object;)[Ljava/lang/Object; @ 36 c2
Event: 25.532 Thread 0x0000020bfb1ae9b0 DEOPT PACKING pc=0x0000020b87c6dbb0 sp=0x000000611b3fdd30
Event: 25.532 Thread 0x0000020bfb1ae9b0 DEOPT UNPACKING pc=0x0000020b8758669d sp=0x000000611b3fdcd0 mode 2

Classes unloaded (7 events):
Event: 6.436 Thread 0x0000020bf0754fa0 Unloading class 0x0000000100216400 'java/lang/invoke/LambdaForm$MH+0x0000000100216400'
Event: 6.436 Thread 0x0000020bf0754fa0 Unloading class 0x0000000100216000 'java/lang/invoke/LambdaForm$MH+0x0000000100216000'
Event: 6.436 Thread 0x0000020bf0754fa0 Unloading class 0x0000000100215c00 'java/lang/invoke/LambdaForm$MH+0x0000000100215c00'
Event: 6.436 Thread 0x0000020bf0754fa0 Unloading class 0x0000000100215400 'java/lang/invoke/LambdaForm$MH+0x0000000100215400'
Event: 6.436 Thread 0x0000020bf0754fa0 Unloading class 0x0000000100215000 'java/lang/invoke/LambdaForm$BMH+0x0000000100215000'
Event: 6.436 Thread 0x0000020bf0754fa0 Unloading class 0x0000000100214c00 'java/lang/invoke/LambdaForm$DMH+0x0000000100214c00'
Event: 6.436 Thread 0x0000020bf0754fa0 Unloading class 0x0000000100212000 'java/lang/invoke/LambdaForm$DMH+0x0000000100212000'

Classes redefined (0 events):
No events

Internal exceptions (20 events):
Event: 15.670 Thread 0x0000020bfb1ae4e0 Exception <a 'sun/nio/fs/WindowsException'{0x00000000ebe75bd8}> (0x00000000ebe75bd8) 
thrown [s\src\hotspot\share\prims\jni.cpp, line 516]
Event: 15.684 Thread 0x0000020bfb1ae4e0 Exception <a 'java/lang/NoSuchMethodError'{0x00000000ebe9e200}: 'java.lang.Object java.lang.invoke.DirectMethodHandle$Holder.newInvokeSpecial(java.lang.Object, java.lang.Object, java.lang.Object, int)'> (0x00000000ebe9e200) 
thrown [s\src\hotspot\share\interpreter\linkResolver.cpp, line 759]
Event: 15.685 Thread 0x0000020bfb1ae4e0 Exception <a 'java/lang/NoSuchMethodError'{0x00000000ebea2060}: 'java.lang.Object java.lang.invoke.DirectMethodHandle$Holder.invokeSpecial(java.lang.Object, java.lang.Object, java.lang.Object, java.lang.Object, int)'> (0x00000000ebea2060) 
thrown [s\src\hotspot\share\interpreter\linkResolver.cpp, line 759]
Event: 15.685 Thread 0x0000020bfb1ae4e0 Exception <a 'java/lang/NoSuchMethodError'{0x00000000ebea54c0}: 'java.lang.Object java.lang.invoke.Invokers$Holder.linkToTargetMethod(java.lang.Object, java.lang.Object, int, java.lang.Object)'> (0x00000000ebea54c0) 
thrown [s\src\hotspot\share\interpreter\linkResolver.cpp, line 759]
Event: 16.456 Thread 0x0000020bfb1b01c0 Exception <a 'java/lang/NoSuchMethodError'{0x00000000eb13e720}: 'java.lang.Object java.lang.invoke.DirectMethodHandle$Holder.invokeVirtual(java.lang.Object, java.lang.Object, java.lang.Object, java.lang.Object, java.lang.Object, java.lang.Object, java.lang.Object)'> (0x00000000eb13e720) 
thrown [s\src\hotspot\share\interpreter\linkResolver.cpp, line 759]
Event: 16.458 Thread 0x0000020bfb1b01c0 Exception <a 'java/lang/NoSuchMethodError'{0x00000000eb157680}: 'java.lang.Object java.lang.invoke.Invokers$Holder.invoker(java.lang.Object, java.lang.Object, java.lang.Object)'> (0x00000000eb157680) 
thrown [s\src\hotspot\share\interpreter\linkResolver.cpp, line 759]
Event: 17.901 Thread 0x0000020bfb1b01c0 Exception <a 'java/lang/NoClassDefFoundError'{0x00000000eaeaa130}: org/slf4j/impl/StaticMarkerBinder> (0x00000000eaeaa130) 
thrown [s\src\hotspot\share\classfile\systemDictionary.cpp, line 245]
Event: 18.372 Thread 0x0000020bfe159720 Implicit null exception at 0x0000020b87d29b95 to 0x0000020b87d29f10
Event: 18.390 Thread 0x0000020bfe159720 Exception <a 'java/lang/NoSuchMethodError'{0x00000000eb05c6e8}: 'void java.lang.invoke.DirectMethodHandle$Holder.invokeStatic(java.lang.Object, long)'> (0x00000000eb05c6e8) 
thrown [s\src\hotspot\share\interpreter\linkResolver.cpp, line 759]
Event: 18.392 Thread 0x0000020bfe159720 Exception <a 'java/lang/NoSuchMethodError'{0x00000000eb061a90}: 'java.lang.Object java.lang.invoke.DirectMethodHandle$Holder.newInvokeSpecial(java.lang.Object, long)'> (0x00000000eb061a90) 
thrown [s\src\hotspot\share\interpreter\linkResolver.cpp, line 759]
Event: 24.033 Thread 0x0000020bfb1b01c0 Exception <a 'java/lang/NoSuchMethodError'{0x00000000eab00a30}: static Lorg/gradle/internal/build/event/types/AbstractProgressEvent;.<clinit>()V> (0x00000000eab00a30) 
thrown [s\src\hotspot\share\prims\jni.cpp, line 1107]
Event: 24.035 Thread 0x0000020bfb1b01c0 Exception <a 'java/lang/NoSuchMethodError'{0x00000000eab13e70}: static Lorg/gradle/internal/build/event/types/DefaultOperationStartedProgressEvent;.<clinit>()V> (0x00000000eab13e70) 
thrown [s\src\hotspot\share\prims\jni.cpp, line 1107]
Event: 24.038 Thread 0x0000020bfb1b01c0 Exception <a 'java/lang/NoSuchMethodError'{0x00000000eab29540}: static Lorg/gradle/internal/build/event/types/DefaultOperationDescriptor;.<clinit>()V> (0x00000000eab29540) 
thrown [s\src\hotspot\share\prims\jni.cpp, line 1107]
Event: 24.039 Thread 0x0000020bfb1b01c0 Exception <a 'java/lang/NoSuchMethodError'{0x00000000eab372c8}: static Lorg/gradle/internal/operations/OperationIdentifier;.<clinit>()V> (0x00000000eab372c8) 
thrown [s\src\hotspot\share\prims\jni.cpp, line 1107]
Event: 25.303 Thread 0x0000020bfb1b01c0 Exception <a 'java/lang/NoSuchMethodError'{0x00000000eabc2b80}: static Lorg/gradle/internal/build/event/types/DefaultOperationFinishedProgressEvent;.<clinit>()V> (0x00000000eabc2b80) 
thrown [s\src\hotspot\share\prims\jni.cpp, line 1107]
Event: 25.307 Thread 0x0000020bfb1b01c0 Exception <a 'java/lang/NoSuchMethodError'{0x00000000eac00420}: static Lorg/gradle/internal/build/event/types/AbstractResult;.<clinit>()V> (0x00000000eac00420) 
thrown [s\src\hotspot\share\prims\jni.cpp, line 1107]
Event: 25.308 Thread 0x0000020bfb1b01c0 Exception <a 'java/lang/NoSuchMethodError'{0x00000000eac0d440}: static Lorg/gradle/internal/build/event/types/AbstractOperationResult;.<clinit>()V> (0x00000000eac0d440) 
thrown [s\src\hotspot\share\prims\jni.cpp, line 1107]
Event: 25.310 Thread 0x0000020bfb1b01c0 Exception <a 'java/lang/NoSuchMethodError'{0x00000000eac1aaf8}: static Lorg/gradle/internal/build/event/types/DefaultSuccessResult;.<clinit>()V> (0x00000000eac1aaf8) 
thrown [s\src\hotspot\share\prims\jni.cpp, line 1107]
Event: 29.399 Thread 0x0000020bfb1b01c0 Exception <a 'java/lang/NoSuchMethodError'{0x00000000eac7d048}: static Lorg/gradle/internal/build/event/types/DefaultFailureResult;.<clinit>()V> (0x00000000eac7d048) 
thrown [s\src\hotspot\share\prims\jni.cpp, line 1107]
Event: 29.404 Thread 0x0000020bfb1b01c0 Exception <a 'java/lang/NoSuchMethodError'{0x00000000eacaabe0}: static Lorg/gradle/internal/build/event/types/DefaultFailure;.<clinit>()V> (0x00000000eacaabe0) 
thrown [s\src\hotspot\share\prims\jni.cpp, line 1107]

VM Operations (20 events):
Event: 18.395 Executing VM operation: HandshakeAllThreads
Event: 18.395 Executing VM operation: HandshakeAllThreads done
Event: 19.395 Executing VM operation: Cleanup
Event: 19.396 Executing VM operation: Cleanup done
Event: 20.405 Executing VM operation: Cleanup
Event: 20.405 Executing VM operation: Cleanup done
Event: 22.851 Executing VM operation: HandshakeAllThreads
Event: 22.851 Executing VM operation: HandshakeAllThreads done
Event: 22.851 Executing VM operation: Cleanup
Event: 22.851 Executing VM operation: Cleanup done
Event: 23.851 Executing VM operation: Cleanup
Event: 23.851 Executing VM operation: Cleanup done
Event: 24.027 Executing VM operation: ParallelGCFailedAllocation
Event: 24.032 Executing VM operation: ParallelGCFailedAllocation done
Event: 26.032 Executing VM operation: Cleanup
Event: 26.033 Executing VM operation: Cleanup done
Event: 27.033 Executing VM operation: Cleanup
Event: 27.033 Executing VM operation: Cleanup done
Event: 28.033 Executing VM operation: Cleanup
Event: 28.033 Executing VM operation: Cleanup done

Events (20 events):
Event: 22.954 loading class sun/nio/ch/SelectionKeyImpl done
Event: 22.954 loading class java/lang/invoke/ConstantBootstraps
Event: 22.954 loading class java/lang/invoke/ConstantBootstraps done
Event: 22.969 loading class java/nio/channels/spi/AbstractSelector$1
Event: 22.969 loading class java/nio/channels/spi/AbstractSelector$1 done
Event: 23.030 Thread 0x0000020bfe15af30 Thread added: 0x0000020bfe15af30
Event: 23.032 Thread 0x0000020bfe1588b0 Thread added: 0x0000020bfe1588b0
Event: 23.032 Thread 0x0000020bfe15af30 Thread exited: 0x0000020bfe15af30
Event: 24.026 loading class java/io/ObjectStreamClass$1
Event: 24.027 loading class java/io/ObjectStreamClass$1 done
Event: 24.027 loading class java/io/ObjectStreamClass$MemberSignature
Event: 24.027 loading class java/io/ObjectStreamClass$MemberSignature done
Event: 24.027 loading class java/io/ObjectStreamClass$3
Event: 24.033 loading class java/io/ObjectStreamClass$3 done
Event: 24.033 loading class java/io/ObjectStreamClass$4
Event: 24.033 loading class java/io/ObjectStreamClass$4 done
Event: 24.033 loading class java/io/ObjectStreamClass$5
Event: 24.033 loading class java/io/ObjectStreamClass$5 done
Event: 29.400 loading class java/util/function/UnaryOperator
Event: 29.401 loading class java/util/function/UnaryOperator done


Dynamic libraries:
0x00007ff7d8a50000 - 0x00007ff7d8a5e000 	c:\Users\Admin\.vscode\extensions\redhat.java-1.20.0-win32-x64\jre\17.0.7-win32-x86_64\bin\java.exe
0x00007fff8c670000 - 0x00007fff8c868000 	C:\Windows\SYSTEM32\ntdll.dll
0x00007fff8bb90000 - 0x00007fff8bc4f000 	C:\Windows\System32\KERNEL32.DLL
0x00007fff89e50000 - 0x00007fff8a146000 	C:\Windows\System32\KERNELBASE.dll
0x00007fff871a0000 - 0x00007fff87231000 	C:\Windows\SYSTEM32\apphelp.dll
0x00007fff89d50000 - 0x00007fff89e50000 	C:\Windows\System32\ucrtbase.dll
0x00007fff72ab0000 - 0x00007fff72ac7000 	c:\Users\Admin\.vscode\extensions\redhat.java-1.20.0-win32-x64\jre\17.0.7-win32-x86_64\bin\jli.dll
0x00007fff8b100000 - 0x00007fff8b29d000 	C:\Windows\System32\USER32.dll
0x00007fff8a500000 - 0x00007fff8a522000 	C:\Windows\System32\win32u.dll
0x00007fff8b970000 - 0x00007fff8b99c000 	C:\Windows\System32\GDI32.dll
0x00007fff8a150000 - 0x00007fff8a265000 	C:\Windows\System32\gdi32full.dll
0x00007fff8a530000 - 0x00007fff8a5cd000 	C:\Windows\System32\msvcp_win.dll
0x00007fff71e10000 - 0x00007fff71e29000 	c:\Users\Admin\.vscode\extensions\redhat.java-1.20.0-win32-x64\jre\17.0.7-win32-x86_64\bin\VCRUNTIME140.dll
0x00007fff71b50000 - 0x00007fff71dea000 	C:\Windows\WinSxS\amd64_microsoft.windows.common-controls_6595b64144ccf1df_6.0.19041.1110_none_60b5254171f9507e\COMCTL32.dll
0x00007fff8b700000 - 0x00007fff8b79e000 	C:\Windows\System32\msvcrt.dll
0x00007fff8bfd0000 - 0x00007fff8c000000 	C:\Windows\System32\IMM32.DLL
0x00007fff83b80000 - 0x00007fff83b8c000 	c:\Users\Admin\.vscode\extensions\redhat.java-1.20.0-win32-x64\jre\17.0.7-win32-x86_64\bin\vcruntime140_1.dll
0x00007fff51150000 - 0x00007fff511e1000 	c:\Users\Admin\.vscode\extensions\redhat.java-1.20.0-win32-x64\jre\17.0.7-win32-x86_64\bin\msvcp140.dll
0x00007fff35750000 - 0x00007fff36398000 	c:\Users\Admin\.vscode\extensions\redhat.java-1.20.0-win32-x64\jre\17.0.7-win32-x86_64\bin\server\jvm.dll
0x00007fff8bae0000 - 0x00007fff8bb8f000 	C:\Windows\System32\ADVAPI32.dll
0x00007fff8b7a0000 - 0x00007fff8b83c000 	C:\Windows\System32\sechost.dll
0x00007fff8c480000 - 0x00007fff8c5a6000 	C:\Windows\System32\RPCRT4.dll
0x00007fff66360000 - 0x00007fff66369000 	C:\Windows\SYSTEM32\WSOCK32.dll
0x00007fff8b5e0000 - 0x00007fff8b64b000 	C:\Windows\System32\WS2_32.dll
0x00007fff74330000 - 0x00007fff74357000 	C:\Windows\SYSTEM32\WINMM.dll
0x00007fff80fe0000 - 0x00007fff80fea000 	C:\Windows\SYSTEM32\VERSION.dll
0x00007fff88590000 - 0x00007fff885a2000 	C:\Windows\SYSTEM32\kernel.appcore.dll
0x00007fff82fb0000 - 0x00007fff82fba000 	c:\Users\Admin\.vscode\extensions\redhat.java-1.20.0-win32-x64\jre\17.0.7-win32-x86_64\bin\jimage.dll
0x00007fff874f0000 - 0x00007fff876d4000 	C:\Windows\SYSTEM32\DBGHELP.DLL
0x00007fff79610000 - 0x00007fff79644000 	C:\Windows\SYSTEM32\dbgcore.DLL
0x00007fff8a470000 - 0x00007fff8a4f2000 	C:\Windows\System32\bcryptPrimitives.dll
0x00007fff824e0000 - 0x00007fff824ee000 	c:\Users\Admin\.vscode\extensions\redhat.java-1.20.0-win32-x64\jre\17.0.7-win32-x86_64\bin\instrument.dll
0x00007fff5b970000 - 0x00007fff5b995000 	c:\Users\Admin\.vscode\extensions\redhat.java-1.20.0-win32-x64\jre\17.0.7-win32-x86_64\bin\java.dll
0x00007fff6ebf0000 - 0x00007fff6ec08000 	c:\Users\Admin\.vscode\extensions\redhat.java-1.20.0-win32-x64\jre\17.0.7-win32-x86_64\bin\zip.dll
0x00007fff8a6d0000 - 0x00007fff8ae14000 	C:\Windows\System32\SHELL32.dll
0x00007fff87de0000 - 0x00007fff88573000 	C:\Windows\SYSTEM32\windows.storage.dll
0x00007fff8bc70000 - 0x00007fff8bfc4000 	C:\Windows\System32\combase.dll
0x00007fff896c0000 - 0x00007fff896ee000 	C:\Windows\SYSTEM32\Wldp.dll
0x00007fff8b650000 - 0x00007fff8b6fd000 	C:\Windows\System32\SHCORE.dll
0x00007fff8b580000 - 0x00007fff8b5d5000 	C:\Windows\System32\shlwapi.dll
0x00007fff89c90000 - 0x00007fff89caf000 	C:\Windows\SYSTEM32\profapi.dll
0x00007fff6de10000 - 0x00007fff6de29000 	C:\Users\Admin\.vscode\extensions\redhat.java-1.20.0-win32-x64\jre\17.0.7-win32-x86_64\bin\net.dll
0x00007fff7ab00000 - 0x00007fff7ac0a000 	C:\Windows\SYSTEM32\WINHTTP.dll
0x00007fff89420000 - 0x00007fff8948a000 	C:\Windows\system32\mswsock.dll
0x00007fff68d60000 - 0x00007fff68d75000 	C:\Users\Admin\.vscode\extensions\redhat.java-1.20.0-win32-x64\jre\17.0.7-win32-x86_64\bin\nio.dll
0x00007fff81400000 - 0x00007fff81410000 	c:\Users\Admin\.vscode\extensions\redhat.java-1.20.0-win32-x64\jre\17.0.7-win32-x86_64\bin\verify.dll
0x00007fff68d80000 - 0x00007fff68dbe000 	C:\Users\Admin\AppData\Roaming\Code\User\globalStorage\redhat.java\1.20.0\config_win\org.eclipse.equinox.launcher\org.eclipse.equinox.launcher.win32.win32.x86_64_1.2.700.v20221108-1024\eclipse_11801.dll
0x00007fff8b840000 - 0x00007fff8b96a000 	C:\Windows\System32\ole32.dll
0x00007fff89620000 - 0x00007fff89638000 	C:\Windows\SYSTEM32\CRYPTSP.dll
0x00007fff88d40000 - 0x00007fff88d74000 	C:\Windows\system32\rsaenh.dll
0x00007fff8a440000 - 0x00007fff8a467000 	C:\Windows\System32\bcrypt.dll
0x00007fff89c50000 - 0x00007fff89c7e000 	C:\Windows\SYSTEM32\USERENV.dll
0x00007fff89610000 - 0x00007fff8961c000 	C:\Windows\SYSTEM32\CRYPTBASE.dll
0x00007fff89110000 - 0x00007fff8914c000 	C:\Windows\SYSTEM32\IPHLPAPI.DLL
0x00007fff8b510000 - 0x00007fff8b518000 	C:\Windows\System32\NSI.dll
0x00007fff7b620000 - 0x00007fff7b637000 	C:\Windows\SYSTEM32\dhcpcsvc6.DLL
0x00007fff80050000 - 0x00007fff8006d000 	C:\Windows\SYSTEM32\dhcpcsvc.DLL
0x00007fff89150000 - 0x00007fff8921a000 	C:\Windows\SYSTEM32\DNSAPI.dll
0x00007fff5dad0000 - 0x00007fff5db15000 	C:\Users\Admin\AppData\Local\Temp\jna-63116079\jna6543960452093010795.dll
0x00007fff8c000000 - 0x00007fff8c008000 	C:\Windows\System32\PSAPI.DLL
0x00007fff6b350000 - 0x00007fff6b377000 	C:\Users\Admin\.gradle\native\68d5fa5c4cc2d200863cafc0d521ce42e7d3e7ee720ec0a83991735586a16f82\windows-amd64\native-platform.dll
0x00007fff854a0000 - 0x00007fff854a9000 	C:\Users\Admin\.vscode\extensions\redhat.java-1.20.0-win32-x64\jre\17.0.7-win32-x86_64\bin\management.dll
0x00007fff85490000 - 0x00007fff8549b000 	C:\Users\Admin\.vscode\extensions\redhat.java-1.20.0-win32-x64\jre\17.0.7-win32-x86_64\bin\management_ext.dll
0x00007fff72100000 - 0x00007fff7210e000 	C:\Users\Admin\.vscode\extensions\redhat.java-1.20.0-win32-x64\jre\17.0.7-win32-x86_64\bin\sunmscapi.dll
0x00007fff8a2e0000 - 0x00007fff8a43e000 	C:\Windows\System32\CRYPT32.dll
0x00007fff89730000 - 0x00007fff89758000 	C:\Windows\SYSTEM32\ncrypt.dll
0x00007fff896f0000 - 0x00007fff8972b000 	C:\Windows\SYSTEM32\NTASN1.dll
0x00007fff71e90000 - 0x00007fff71e97000 	C:\Windows\system32\wshunix.dll

dbghelp: loaded successfully - version: 4.0.5 - missing functions: none
symbol engine: initialized successfully - sym options: 0x614 - pdb path: .;c:\Users\Admin\.vscode\extensions\redhat.java-1.20.0-win32-x64\jre\17.0.7-win32-x86_64\bin;C:\Windows\SYSTEM32;C:\Windows\WinSxS\amd64_microsoft.windows.common-controls_6595b64144ccf1df_6.0.19041.1110_none_60b5254171f9507e;c:\Users\Admin\.vscode\extensions\redhat.java-1.20.0-win32-x64\jre\17.0.7-win32-x86_64\bin\server;C:\Users\Admin\AppData\Roaming\Code\User\globalStorage\redhat.java\1.20.0\config_win\org.eclipse.equinox.launcher\org.eclipse.equinox.launcher.win32.win32.x86_64_1.2.700.v20221108-1024;C:\Users\Admin\AppData\Local\Temp\jna-63116079;C:\Users\Admin\.gradle\native\68d5fa5c4cc2d200863cafc0d521ce42e7d3e7ee720ec0a83991735586a16f82\windows-amd64

VM Arguments:
jvm_args: --add-modules=ALL-SYSTEM --add-opens=java.base/java.util=ALL-UNNAMED --add-opens=java.base/java.lang=ALL-UNNAMED --add-opens=java.base/sun.nio.fs=ALL-UNNAMED -Declipse.application=org.eclipse.jdt.ls.core.id1 -Dosgi.bundles.defaultStartLevel=4 -Declipse.product=org.eclipse.jdt.ls.core.product -Djava.import.generatesMetadataFilesAtProjectRoot=false -Dfile.encoding=utf8 -XX:+UseParallelGC -XX:GCTimeRatio=4 -XX:AdaptiveSizePolicyWeight=90 -Dsun.zip.disableMemoryMapping=true -Xmx1G -Xms100m -Xlog:disable -javaagent:c:\Users\Admin\.vscode\extensions\redhat.java-1.20.0-win32-x64\lombok\lombok-1.18.28.jar -XX:+HeapDumpOnOutOfMemoryError -XX:HeapDumpPath=c:\Users\Admin\AppData\Roaming\Code\User\workspaceStorage\189770a85c9b102437ac12038cc6612a\redhat.java -Daether.dependencyCollector.impl=bf 
java_command: c:\Users\Admin\.vscode\extensions\redhat.java-1.20.0-win32-x64\server\plugins\org.eclipse.equinox.launcher_1.6.500.v20230622-2056.jar -configuration c:\Users\Admin\AppData\Roaming\Code\User\globalStorage\redhat.java\1.20.0\config_win -data c:\Users\Admin\AppData\Roaming\Code\User\workspaceStorage\189770a85c9b102437ac12038cc6612a\redhat.java\jdt_ws
java_class_path (initial): c:\Users\Admin\.vscode\extensions\redhat.java-1.20.0-win32-x64\server\plugins\org.eclipse.equinox.launcher_1.6.500.v20230622-2056.jar
Launcher Type: SUN_STANDARD

[Global flags]
    uintx AdaptiveSizePolicyWeight                 = 90                                        {product} {command line}
     intx CICompilerCount                          = 3                                         {product} {ergonomic}
    uintx GCTimeRatio                              = 4                                         {product} {command line}
     bool HeapDumpOnOutOfMemoryError               = true                                   {manageable} {command line}
    ccstr HeapDumpPath                             = c:\Users\Admin\AppData\Roaming\Code\User\workspaceStorage\189770a85c9b102437ac12038cc6612a\redhat.java         {manageable} {command line}
   size_t InitialHeapSize                          = 104857600                                 {product} {command line}
   size_t MaxHeapSize                              = 1073741824                                {product} {command line}
   size_t MaxNewSize                               = 357564416                                 {product} {ergonomic}
   size_t MinHeapDeltaBytes                        = 524288                                    {product} {ergonomic}
   size_t MinHeapSize                              = 104857600                                 {product} {command line}
   size_t NewSize                                  = 34603008                                  {product} {ergonomic}
    uintx NonNMethodCodeHeapSize                   = 5832780                                {pd product} {ergonomic}
    uintx NonProfiledCodeHeapSize                  = 122912730                              {pd product} {ergonomic}
   size_t OldSize                                  = 70254592                                  {product} {ergonomic}
    uintx ProfiledCodeHeapSize                     = 122912730                              {pd product} {ergonomic}
    uintx ReservedCodeCacheSize                    = 251658240                              {pd product} {ergonomic}
     bool SegmentedCodeCache                       = true                                      {product} {ergonomic}
   size_t SoftMaxHeapSize                          = 1073741824                             {manageable} {ergonomic}
     bool UseCompressedClassPointers               = true                           {product lp64_product} {ergonomic}
     bool UseCompressedOops                        = true                           {product lp64_product} {ergonomic}
     bool UseLargePagesIndividualAllocation        = false                                  {pd product} {ergonomic}
     bool UseParallelGC                            = true                                      {product} {command line}

Logging:
Log output configuration:
 #0: stdout all=off uptime,level,tags
 #1: stderr all=off uptime,level,tags

Environment Variables:
CLASSPATH=C:\mysql-connector.jar;.;
PATH=C:\oraclexe\app\oracle\product\11.2.0\server\bin;C:\Program Files\Common Files\Oracle\Java\javapath;C:\Windows\system32;C:\Windows;C:\Windows\System32\Wbem;C:\Windows\System32\WindowsPowerShell\v1.0\;C:\Windows\System32\OpenSSH\;C:\Program Files\nodejs\;C:\Program Files\dotnet\;C:\Program Files\Git\cmd;C:\Program Files (x86)\dotnet\;C:\Program Files\MySQL\MySQL Shell 8.0\bin\;C:\Users\Admin\AppData\Local\Programs\Python\Python39\Scripts\;C:\Users\Admin\AppData\Local\Programs\Python\Python39\;C:\Users\Admin\AppData\Local\Microsoft\WindowsApps;C:\Users\Admin\AppData\Roaming\npm;C:\Program Files\JetBrains\IntelliJ IDEA Community Edition 2023.1.2\bin;;C:\Users\Admin\AppData\Local\GitHubDesktop\bin;C:\Program Files\Java\jdk-19\bin;C:\Users\Admin\AppData\Local\Programs\Microsoft VS Code\bin;C:\Program Files\JetBrains\WebStorm 2023.1.3\bin;
USERNAME=Admin
OS=Windows_NT
PROCESSOR_IDENTIFIER=Intel64 Family 6 Model 122 Stepping 1, GenuineIntel
TMP=C:\Users\Admin\AppData\Local\Temp
TEMP=C:\Users\Admin\AppData\Local\Temp



---------------  S Y S T E M  ---------------

OS:
 Windows 10 , 64 bit Build 19041 (10.0.19041.3031)
OS uptime: 0 days 5:33 hours

CPU: total 4 (initial active 4) (4 cores per cpu, 1 threads per core) family 6 model 122 stepping 1 microcode 0x2e, cx8, cmov, fxsr, mmx, 3dnowpref, sse, sse2, sse3, ssse3, sse4.1, sse4.2, popcnt, tsc, tscinvbit, aes, erms, clmul, sha, clflush, clflushopt

Memory: 4k page, system-wide physical 3911M (203M free)
TotalPageFile size 5958M (AvailPageFile size 65M)
current process WorkingSet (physical memory assigned to process): 219M, peak: 224M
current process commit charge ("private bytes"): 275M, peak: 292M

vm_info: OpenJDK 64-Bit Server VM (17.0.7+7) for windows-amd64 JRE (17.0.7+7), built on Apr 18 2023 22:10:42 by "temurin" with MS VC++ 16.7 (VS2019)

END.
